[2026-03-26 23:16:56] local.INFO: SQLSTATE[42S02]: Base table or view not found: 1146 Table 'lms_old.infix_module_managers' doesn't exist (Connection: mysql, Host: 127.0.0.1, Port: 3306, Database: lms_old, SQL: select * from `infix_module_managers` where `name` = Instamojo limit 1)  
[2026-03-26 23:16:56] local.INFO: SQLSTATE[42S02]: Base table or view not found: 1146 Table 'lms_old.infix_module_managers' doesn't exist (Connection: mysql, Host: 127.0.0.1, Port: 3306, Database: lms_old, SQL: select * from `infix_module_managers` where `name` = Midtrans limit 1)  
[2026-03-26 23:16:56] local.INFO: SQLSTATE[42S02]: Base table or view not found: 1146 Table 'lms_old.infix_module_managers' doesn't exist (Connection: mysql, Host: 127.0.0.1, Port: 3306, Database: lms_old, SQL: select * from `infix_module_managers` where `name` = Payeer limit 1)  
[2026-03-26 23:16:56] local.INFO: SQLSTATE[42S02]: Base table or view not found: 1146 Table 'lms_old.infix_module_managers' doesn't exist (Connection: mysql, Host: 127.0.0.1, Port: 3306, Database: lms_old, SQL: select * from `infix_module_managers` where `name` = Newsletter limit 1)  
[2026-03-26 23:16:56] local.INFO: SQLSTATE[42S02]: Base table or view not found: 1146 Table 'lms_old.infix_module_managers' doesn't exist (Connection: mysql, Host: 127.0.0.1, Port: 3306, Database: lms_old, SQL: select * from `infix_module_managers` where `name` = Backup limit 1)  
[2026-03-26 23:16:56] local.INFO: SQLSTATE[42S02]: Base table or view not found: 1146 Table 'lms_old.infix_module_managers' doesn't exist (Connection: mysql, Host: 127.0.0.1, Port: 3306, Database: lms_old, SQL: select * from `infix_module_managers` where `name` = Pesapal limit 1)  
[2026-03-26 23:16:56] local.ERROR: SQLSTATE[42S02]: Base table or view not found: 1146 Table 'lms_old.categories' doesn't exist (Connection: mysql, Host: 127.0.0.1, Port: 3306, Database: lms_old, SQL: alter table `categories` add index `categories_name_index`(`name`)) {"exception":"[object] (Illuminate\\Database\\QueryException(code: 42S02): SQLSTATE[42S02]: Base table or view not found: 1146 Table 'lms_old.categories' doesn't exist (Connection: mysql, Host: 127.0.0.1, Port: 3306, Database: lms_old, SQL: alter table `categories` add index `categories_name_index`(`name`)) at C:/Users/Charl/LMS-TekQuora-NewDesign/Infixlms-old/vendor/laravel/framework/src/Illuminate/Database/Connection.php:838)
[stacktrace]
#0 C:/Users/Charl/LMS-TekQuora-NewDesign/Infixlms-old/vendor/laravel/framework/src/Illuminate/Database/Connection.php(794): Illuminate/Database/Connection->runQueryCallback('alter table `ca...', Array, Object(Closure))
#1 C:/Users/Charl/LMS-TekQuora-NewDesign/Infixlms-old/vendor/laravel/framework/src/Illuminate/Database/Connection.php(573): Illuminate/Database/Connection->run('alter table `ca...', Array, Object(Closure))
#2 C:/Users/Charl/LMS-TekQuora-NewDesign/Infixlms-old/vendor/laravel/framework/src/Illuminate/Database/Schema/Blueprint.php(121): Illuminate/Database/Connection->statement('alter table `ca...')
#3 C:/Users/Charl/LMS-TekQuora-NewDesign/Infixlms-old/vendor/laravel/framework/src/Illuminate/Database/Schema/Builder.php(686): Illuminate/Database/Schema/Blueprint->build()
#4 C:/Users/Charl/LMS-TekQuora-NewDesign/Infixlms-old/vendor/laravel/framework/src/Illuminate/Database/Schema/Builder.php(494): Illuminate/Database/Schema/Builder->build(Object(Illuminate/Database/Schema/Blueprint))
#5 C:/Users/Charl/LMS-TekQuora-NewDesign/Infixlms-old/vendor/laravel/framework/src/Illuminate/Support/Facades/Facade.php(363): Illuminate/Database/Schema/Builder->table('categories', Object(Closure))
#6 C:/Users/Charl/LMS-TekQuora-NewDesign/Infixlms-old/database/migrations/2021_06_22_151045_add_index_coloum_all_table.php(17): Illuminate/Support/Facades/Facade::__callStatic('table', Array)
#7 C:/Users/Charl/LMS-TekQuora-NewDesign/Infixlms-old/vendor/laravel/framework/src/Illuminate/Database/Migrations/Migrator.php(517): AddIndexColoumAllTable->up()
#8 C:/Users/Charl/LMS-TekQuora-NewDesign/Infixlms-old/vendor/laravel/framework/src/Illuminate/Database/Migrations/Migrator.php(442): Illuminate/Database/Migrations/Migrator->runMethod(Object(Illuminate/Database/MySqlConnection), Object(AddIndexColoumAllTable), 'up')
#9 C:/Users/Charl/LMS-TekQuora-NewDesign/Infixlms-old/vendor/laravel/framework/src/Illuminate/Database/Migrations/Migrator.php(451): Illuminate/Database/Migrations/Migrator->Illuminate/Database/Migrations/{closure}()
#10 C:/Users/Charl/LMS-TekQuora-NewDesign/Infixlms-old/vendor/laravel/framework/src/Illuminate/Database/Migrations/Migrator.php(253): Illuminate/Database/Migrations/Migrator->runMigration(Object(AddIndexColoumAllTable), 'up')
#11 C:/Users/Charl/LMS-TekQuora-NewDesign/Infixlms-old/vendor/laravel/framework/src/Illuminate/Console/View/Components/Task.php(41): Illuminate/Database/Migrations/Migrator->Illuminate/Database/Migrations/{closure}()
#12 C:/Users/Charl/LMS-TekQuora-NewDesign/Infixlms-old/vendor/laravel/framework/src/Illuminate/Database/Migrations/Migrator.php(814): Illuminate/Console/View/Components/Task->render('2021_06_22_1510...', Object(Closure))
#13 C:/Users/Charl/LMS-TekQuora-NewDesign/Infixlms-old/vendor/laravel/framework/src/Illuminate/Database/Migrations/Migrator.php(253): Illuminate/Database/Migrations/Migrator->write('Illuminate//Cons...', '2021_06_22_1510...', Object(Closure))
#14 C:/Users/Charl/LMS-TekQuora-NewDesign/Infixlms-old/vendor/laravel/framework/src/Illuminate/Database/Migrations/Migrator.php(211): Illuminate/Database/Migrations/Migrator->runUp('C://Users//Charl//...', 1, false)
#15 C:/Users/Charl/LMS-TekQuora-NewDesign/Infixlms-old/vendor/laravel/framework/src/Illuminate/Database/Migrations/Migrator.php(138): Illuminate/Database/Migrations/Migrator->runPending(Array, Array)
#16 C:/Users/Charl/LMS-TekQuora-NewDesign/Infixlms-old/vendor/laravel/framework/src/Illuminate/Database/Console/Migrations/MigrateCommand.php(116): Illuminate/Database/Migrations/Migrator->run(Array, Array)
#17 C:/Users/Charl/LMS-TekQuora-NewDesign/Infixlms-old/vendor/laravel/framework/src/Illuminate/Database/Migrations/Migrator.php(671): Illuminate/Database/Console/Migrations/MigrateCommand->Illuminate/Database/Console/Migrations/{closure}()
#18 C:/Users/Charl/LMS-TekQuora-NewDesign/Infixlms-old/vendor/laravel/framework/src/Illuminate/Database/Console/Migrations/MigrateCommand.php(109): Illuminate/Database/Migrations/Migrator->usingConnection(NULL, Object(Closure))
#19 C:/Users/Charl/LMS-TekQuora-NewDesign/Infixlms-old/vendor/laravel/framework/src/Illuminate/Database/Console/Migrations/MigrateCommand.php(88): Illuminate/Database/Console/Migrations/MigrateCommand->runMigrations()
#20 C:/Users/Charl/LMS-TekQuora-NewDesign/Infixlms-old/vendor/laravel/framework/src/Illuminate/Container/BoundMethod.php(36): Illuminate/Database/Console/Migrations/MigrateCommand->handle()
#21 C:/Users/Charl/LMS-TekQuora-NewDesign/Infixlms-old/vendor/laravel/framework/src/Illuminate/Container/Util.php(43): Illuminate/Container/BoundMethod::Illuminate/Container/{closure}()
#22 C:/Users/Charl/LMS-TekQuora-NewDesign/Infixlms-old/vendor/laravel/framework/src/Illuminate/Container/BoundMethod.php(96): Illuminate/Container/Util::unwrapIfClosure(Object(Closure))
#23 C:/Users/Charl/LMS-TekQuora-NewDesign/Infixlms-old/vendor/laravel/framework/src/Illuminate/Container/BoundMethod.php(35): Illuminate/Container/BoundMethod::callBoundMethod(Object(Illuminate/Foundation/Application), Array, Object(Closure))
#24 C:/Users/Charl/LMS-TekQuora-NewDesign/Infixlms-old/vendor/laravel/framework/src/Illuminate/Container/Container.php(799): Illuminate/Container/BoundMethod::call(Object(Illuminate/Foundation/Application), Array, Array, NULL)
#25 C:/Users/Charl/LMS-TekQuora-NewDesign/Infixlms-old/vendor/laravel/framework/src/Illuminate/Console/Command.php(211): Illuminate/Container/Container->call(Array)
#26 C:/Users/Charl/LMS-TekQuora-NewDesign/Infixlms-old/vendor/symfony/console/Command/Command.php(341): Illuminate/Console/Command->execute(Object(Symfony/Component/Console/Input/ArgvInput), Object(Illuminate/Console/OutputStyle))
#27 C:/Users/Charl/LMS-TekQuora-NewDesign/Infixlms-old/vendor/laravel/framework/src/Illuminate/Console/Command.php(180): Symfony/Component/Console/Command/Command->run(Object(Symfony/Component/Console/Input/ArgvInput), Object(Illuminate/Console/OutputStyle))
#28 C:/Users/Charl/LMS-TekQuora-NewDesign/Infixlms-old/vendor/symfony/console/Application.php(1117): Illuminate/Console/Command->run(Object(Symfony/Component/Console/Input/ArgvInput), Object(Symfony/Component/Console/Output/ConsoleOutput))
#29 C:/Users/Charl/LMS-TekQuora-NewDesign/Infixlms-old/vendor/symfony/console/Application.php(356): Symfony/Component/Console/Application->doRunCommand(Object(Illuminate/Database/Console/Migrations/MigrateCommand), Object(Symfony/Component/Console/Input/ArgvInput), Object(Symfony/Component/Console/Output/ConsoleOutput))
#30 C:/Users/Charl/LMS-TekQuora-NewDesign/Infixlms-old/vendor/symfony/console/Application.php(195): Symfony/Component/Console/Application->doRun(Object(Symfony/Component/Console/Input/ArgvInput), Object(Symfony/Component/Console/Output/ConsoleOutput))
#31 C:/Users/Charl/LMS-TekQuora-NewDesign/Infixlms-old/vendor/laravel/framework/src/Illuminate/Foundation/Console/Kernel.php(198): Symfony/Component/Console/Application->run(Object(Symfony/Component/Console/Input/ArgvInput), Object(Symfony/Component/Console/Output/ConsoleOutput))
#32 C:/Users/Charl/LMS-TekQuora-NewDesign/Infixlms-old/artisan(35): Illuminate/Foundation/Console/Kernel->handle(Object(Symfony/Component/Console/Input/ArgvInput), Object(Symfony/Component/Console/Output/ConsoleOutput))
#33 {main}

[previous exception] [object] (PDOException(code: 42S02): SQLSTATE[42S02]: Base table or view not found: 1146 Table 'lms_old.categories' doesn't exist at C:/Users/Charl/LMS-TekQuora-NewDesign/Infixlms-old/vendor/laravel/framework/src/Illuminate/Database/Connection.php:584)
[stacktrace]
#0 C:/Users/Charl/LMS-TekQuora-NewDesign/Infixlms-old/vendor/laravel/framework/src/Illuminate/Database/Connection.php(584): PDOStatement->execute()
#1 C:/Users/Charl/LMS-TekQuora-NewDesign/Infixlms-old/vendor/laravel/framework/src/Illuminate/Database/Connection.php(827): Illuminate/Database/Connection->Illuminate/Database/{closure}('alter table `ca...', Array)
#2 C:/Users/Charl/LMS-TekQuora-NewDesign/Infixlms-old/vendor/laravel/framework/src/Illuminate/Database/Connection.php(794): Illuminate/Database/Connection->runQueryCallback('alter table `ca...', Array, Object(Closure))
#3 C:/Users/Charl/LMS-TekQuora-NewDesign/Infixlms-old/vendor/laravel/framework/src/Illuminate/Database/Connection.php(573): Illuminate/Database/Connection->run('alter table `ca...', Array, Object(Closure))
#4 C:/Users/Charl/LMS-TekQuora-NewDesign/Infixlms-old/vendor/laravel/framework/src/Illuminate/Database/Schema/Blueprint.php(121): Illuminate/Database/Connection->statement('alter table `ca...')
#5 C:/Users/Charl/LMS-TekQuora-NewDesign/Infixlms-old/vendor/laravel/framework/src/Illuminate/Database/Schema/Builder.php(686): Illuminate/Database/Schema/Blueprint->build()
#6 C:/Users/Charl/LMS-TekQuora-NewDesign/Infixlms-old/vendor/laravel/framework/src/Illuminate/Database/Schema/Builder.php(494): Illuminate/Database/Schema/Builder->build(Object(Illuminate/Database/Schema/Blueprint))
#7 C:/Users/Charl/LMS-TekQuora-NewDesign/Infixlms-old/vendor/laravel/framework/src/Illuminate/Support/Facades/Facade.php(363): Illuminate/Database/Schema/Builder->table('categories', Object(Closure))
#8 C:/Users/Charl/LMS-TekQuora-NewDesign/Infixlms-old/database/migrations/2021_06_22_151045_add_index_coloum_all_table.php(17): Illuminate/Support/Facades/Facade::__callStatic('table', Array)
#9 C:/Users/Charl/LMS-TekQuora-NewDesign/Infixlms-old/vendor/laravel/framework/src/Illuminate/Database/Migrations/Migrator.php(517): AddIndexColoumAllTable->up()
#10 C:/Users/Charl/LMS-TekQuora-NewDesign/Infixlms-old/vendor/laravel/framework/src/Illuminate/Database/Migrations/Migrator.php(442): Illuminate/Database/Migrations/Migrator->runMethod(Object(Illuminate/Database/MySqlConnection), Object(AddIndexColoumAllTable), 'up')
#11 C:/Users/Charl/LMS-TekQuora-NewDesign/Infixlms-old/vendor/laravel/framework/src/Illuminate/Database/Migrations/Migrator.php(451): Illuminate/Database/Migrations/Migrator->Illuminate/Database/Migrations/{closure}()
#12 C:/Users/Charl/LMS-TekQuora-NewDesign/Infixlms-old/vendor/laravel/framework/src/Illuminate/Database/Migrations/Migrator.php(253): Illuminate/Database/Migrations/Migrator->runMigration(Object(AddIndexColoumAllTable), 'up')
#13 C:/Users/Charl/LMS-TekQuora-NewDesign/Infixlms-old/vendor/laravel/framework/src/Illuminate/Console/View/Components/Task.php(41): Illuminate/Database/Migrations/Migrator->Illuminate/Database/Migrations/{closure}()
#14 C:/Users/Charl/LMS-TekQuora-NewDesign/Infixlms-old/vendor/laravel/framework/src/Illuminate/Database/Migrations/Migrator.php(814): Illuminate/Console/View/Components/Task->render('2021_06_22_1510...', Object(Closure))
#15 C:/Users/Charl/LMS-TekQuora-NewDesign/Infixlms-old/vendor/laravel/framework/src/Illuminate/Database/Migrations/Migrator.php(253): Illuminate/Database/Migrations/Migrator->write('Illuminate//Cons...', '2021_06_22_1510...', Object(Closure))
#16 C:/Users/Charl/LMS-TekQuora-NewDesign/Infixlms-old/vendor/laravel/framework/src/Illuminate/Database/Migrations/Migrator.php(211): Illuminate/Database/Migrations/Migrator->runUp('C://Users//Charl//...', 1, false)
#17 C:/Users/Charl/LMS-TekQuora-NewDesign/Infixlms-old/vendor/laravel/framework/src/Illuminate/Database/Migrations/Migrator.php(138): Illuminate/Database/Migrations/Migrator->runPending(Array, Array)
#18 C:/Users/Charl/LMS-TekQuora-NewDesign/Infixlms-old/vendor/laravel/framework/src/Illuminate/Database/Console/Migrations/MigrateCommand.php(116): Illuminate/Database/Migrations/Migrator->run(Array, Array)
#19 C:/Users/Charl/LMS-TekQuora-NewDesign/Infixlms-old/vendor/laravel/framework/src/Illuminate/Database/Migrations/Migrator.php(671): Illuminate/Database/Console/Migrations/MigrateCommand->Illuminate/Database/Console/Migrations/{closure}()
#20 C:/Users/Charl/LMS-TekQuora-NewDesign/Infixlms-old/vendor/laravel/framework/src/Illuminate/Database/Console/Migrations/MigrateCommand.php(109): Illuminate/Database/Migrations/Migrator->usingConnection(NULL, Object(Closure))
#21 C:/Users/Charl/LMS-TekQuora-NewDesign/Infixlms-old/vendor/laravel/framework/src/Illuminate/Database/Console/Migrations/MigrateCommand.php(88): Illuminate/Database/Console/Migrations/MigrateCommand->runMigrations()
#22 C:/Users/Charl/LMS-TekQuora-NewDesign/Infixlms-old/vendor/laravel/framework/src/Illuminate/Container/BoundMethod.php(36): Illuminate/Database/Console/Migrations/MigrateCommand->handle()
#23 C:/Users/Charl/LMS-TekQuora-NewDesign/Infixlms-old/vendor/laravel/framework/src/Illuminate/Container/Util.php(43): Illuminate/Container/BoundMethod::Illuminate/Container/{closure}()
#24 C:/Users/Charl/LMS-TekQuora-NewDesign/Infixlms-old/vendor/laravel/framework/src/Illuminate/Container/BoundMethod.php(96): Illuminate/Container/Util::unwrapIfClosure(Object(Closure))
#25 C:/Users/Charl/LMS-TekQuora-NewDesign/Infixlms-old/vendor/laravel/framework/src/Illuminate/Container/BoundMethod.php(35): Illuminate/Container/BoundMethod::callBoundMethod(Object(Illuminate/Foundation/Application), Array, Object(Closure))
#26 C:/Users/Charl/LMS-TekQuora-NewDesign/Infixlms-old/vendor/laravel/framework/src/Illuminate/Container/Container.php(799): Illuminate/Container/BoundMethod::call(Object(Illuminate/Foundation/Application), Array, Array, NULL)
#27 C:/Users/Charl/LMS-TekQuora-NewDesign/Infixlms-old/vendor/laravel/framework/src/Illuminate/Console/Command.php(211): Illuminate/Container/Container->call(Array)
#28 C:/Users/Charl/LMS-TekQuora-NewDesign/Infixlms-old/vendor/symfony/console/Command/Command.php(341): Illuminate/Console/Command->execute(Object(Symfony/Component/Console/Input/ArgvInput), Object(Illuminate/Console/OutputStyle))
#29 C:/Users/Charl/LMS-TekQuora-NewDesign/Infixlms-old/vendor/laravel/framework/src/Illuminate/Console/Command.php(180): Symfony/Component/Console/Command/Command->run(Object(Symfony/Component/Console/Input/ArgvInput), Object(Illuminate/Console/OutputStyle))
#30 C:/Users/Charl/LMS-TekQuora-NewDesign/Infixlms-old/vendor/symfony/console/Application.php(1117): Illuminate/Console/Command->run(Object(Symfony/Component/Console/Input/ArgvInput), Object(Symfony/Component/Console/Output/ConsoleOutput))
#31 C:/Users/Charl/LMS-TekQuora-NewDesign/Infixlms-old/vendor/symfony/console/Application.php(356): Symfony/Component/Console/Application->doRunCommand(Object(Illuminate/Database/Console/Migrations/MigrateCommand), Object(Symfony/Component/Console/Input/ArgvInput), Object(Symfony/Component/Console/Output/ConsoleOutput))
#32 C:/Users/Charl/LMS-TekQuora-NewDesign/Infixlms-old/vendor/symfony/console/Application.php(195): Symfony/Component/Console/Application->doRun(Object(Symfony/Component/Console/Input/ArgvInput), Object(Symfony/Component/Console/Output/ConsoleOutput))
#33 C:/Users/Charl/LMS-TekQuora-NewDesign/Infixlms-old/vendor/laravel/framework/src/Illuminate/Foundation/Console/Kernel.php(198): Symfony/Component/Console/Application->run(Object(Symfony/Component/Console/Input/ArgvInput), Object(Symfony/Component/Console/Output/ConsoleOutput))
#34 C:/Users/Charl/LMS-TekQuora-NewDesign/Infixlms-old/artisan(35): Illuminate/Foundation/Console/Kernel->handle(Object(Symfony/Component/Console/Input/ArgvInput), Object(Symfony/Component/Console/Output/ConsoleOutput))
#35 {main}
"} 
[2026-03-26 23:20:41] local.ERROR: Aborted. {"exception":"[object] (Symfony\\Component\\Console\\Exception\\MissingInputException(code: 0): Aborted. at C:/Users/Charl/LMS-TekQuora-NewDesign/Infixlms-old/vendor/symfony/console/Helper/QuestionHelper.php:610)
[stacktrace]
#0 C:/Users/Charl/LMS-TekQuora-NewDesign/Infixlms-old/vendor/symfony/console/Helper/QuestionHelper.php(514): Symfony/Component/Console/Helper/QuestionHelper->doReadInput(Resource id #1)
#1 C:/Users/Charl/LMS-TekQuora-NewDesign/Infixlms-old/vendor/symfony/console/Helper/QuestionHelper.php(125): Symfony/Component/Console/Helper/QuestionHelper->readInput(Resource id #1, Object(Symfony/Component/Console/Question/Question))
#2 C:/Users/Charl/LMS-TekQuora-NewDesign/Infixlms-old/vendor/symfony/console/Helper/QuestionHelper.php(62): Symfony/Component/Console/Helper/QuestionHelper->doAsk(Resource id #1, Object(Illuminate/Console/OutputStyle), Object(Symfony/Component/Console/Question/Question))
#3 C:/Users/Charl/LMS-TekQuora-NewDesign/Infixlms-old/vendor/symfony/console/Style/SymfonyStyle.php(307): Symfony/Component/Console/Helper/QuestionHelper->ask(Object(Symfony/Component/Console/Input/ArgvInput), Object(Illuminate/Console/OutputStyle), Object(Symfony/Component/Console/Question/Question))
#4 C:/Users/Charl/LMS-TekQuora-NewDesign/Infixlms-old/vendor/laravel/framework/src/Illuminate/Console/OutputStyle.php(58): Symfony/Component/Console/Style/SymfonyStyle->askQuestion(Object(Symfony/Component/Console/Question/Question))
#5 C:/Users/Charl/LMS-TekQuora-NewDesign/Infixlms-old/vendor/laravel/framework/src/Illuminate/Console/View/Components/Ask.php(20): Illuminate/Console/OutputStyle->askQuestion(Object(Symfony/Component/Console/Question/Question))
#6 C:/Users/Charl/LMS-TekQuora-NewDesign/Infixlms-old/vendor/laravel/framework/src/Illuminate/Console/View/Components/Component.php(117): Illuminate/Console/View/Components/Ask->Illuminate/Console/View/Components/{closure}()
#7 C:/Users/Charl/LMS-TekQuora-NewDesign/Infixlms-old/vendor/laravel/framework/src/Illuminate/Console/View/Components/Ask.php(19): Illuminate/Console/View/Components/Component->usingQuestionHelper(Object(Closure))
#8 C:/Users/Charl/LMS-TekQuora-NewDesign/Infixlms-old/vendor/laravel/framework/src/Illuminate/Console/View/Components/Factory.php(59): Illuminate/Console/View/Components/Ask->render('Select Modules')
#9 C:/Users/Charl/LMS-TekQuora-NewDesign/Infixlms-old/vendor/laravel/framework/src/Illuminate/Console/Concerns/ConfiguresPrompts.php(104): Illuminate/Console/View/Components/Factory->__call('ask', Array)
#10 C:/Users/Charl/LMS-TekQuora-NewDesign/Infixlms-old/vendor/laravel/framework/src/Illuminate/Console/Concerns/ConfiguresPrompts.php(128): Illuminate/Console/Command->Illuminate/Console/Concerns/{closure}()
#11 C:/Users/Charl/LMS-TekQuora-NewDesign/Infixlms-old/vendor/laravel/framework/src/Illuminate/Console/Concerns/ConfiguresPrompts.php(102): Illuminate/Console/Command->promptUntilValid(Object(Closure), 'You must select...', NULL)
#12 C:/Users/Charl/LMS-TekQuora-NewDesign/Infixlms-old/vendor/laravel/prompts/src/Concerns/Fallback.php(59): Illuminate/Console/Command->Illuminate/Console/Concerns/{closure}(Object(Laravel/Prompts/MultiSearchPrompt))
#13 C:/Users/Charl/LMS-TekQuora-NewDesign/Infixlms-old/vendor/laravel/prompts/src/Prompt.php(108): Laravel/Prompts/Prompt->fallback()
#14 C:/Users/Charl/LMS-TekQuora-NewDesign/Infixlms-old/vendor/laravel/prompts/src/helpers.php(234): Laravel/Prompts/Prompt->prompt()
#15 C:/Users/Charl/LMS-TekQuora-NewDesign/Infixlms-old/vendor/nwidart/laravel-modules/src/Commands/BaseCommand.php(111): Laravel/Prompts/multisearch('Select Modules', Object(Closure), '', 5, 'You must select...')
#16 C:/Users/Charl/LMS-TekQuora-NewDesign/Infixlms-old/vendor/laravel/framework/src/Illuminate/Console/Concerns/PromptsForMissingInput.php(29): Nwidart/Modules/Commands/BaseCommand->promptForMissingArguments(Object(Symfony/Component/Console/Input/ArgvInput), Object(Illuminate/Console/OutputStyle))
#17 C:/Users/Charl/LMS-TekQuora-NewDesign/Infixlms-old/vendor/symfony/console/Command/Command.php(321): Illuminate/Console/Command->interact(Object(Symfony/Component/Console/Input/ArgvInput), Object(Illuminate/Console/OutputStyle))
#18 C:/Users/Charl/LMS-TekQuora-NewDesign/Infixlms-old/vendor/laravel/framework/src/Illuminate/Console/Command.php(180): Symfony/Component/Console/Command/Command->run(Object(Symfony/Component/Console/Input/ArgvInput), Object(Illuminate/Console/OutputStyle))
#19 C:/Users/Charl/LMS-TekQuora-NewDesign/Infixlms-old/vendor/symfony/console/Application.php(1117): Illuminate/Console/Command->run(Object(Symfony/Component/Console/Input/ArgvInput), Object(Symfony/Component/Console/Output/ConsoleOutput))
#20 C:/Users/Charl/LMS-TekQuora-NewDesign/Infixlms-old/vendor/symfony/console/Application.php(356): Symfony/Component/Console/Application->doRunCommand(Object(Nwidart/Modules/Commands/Actions/EnableCommand), Object(Symfony/Component/Console/Input/ArgvInput), Object(Symfony/Component/Console/Output/ConsoleOutput))
#21 C:/Users/Charl/LMS-TekQuora-NewDesign/Infixlms-old/vendor/symfony/console/Application.php(195): Symfony/Component/Console/Application->doRun(Object(Symfony/Component/Console/Input/ArgvInput), Object(Symfony/Component/Console/Output/ConsoleOutput))
#22 C:/Users/Charl/LMS-TekQuora-NewDesign/Infixlms-old/vendor/laravel/framework/src/Illuminate/Foundation/Console/Kernel.php(198): Symfony/Component/Console/Application->run(Object(Symfony/Component/Console/Input/ArgvInput), Object(Symfony/Component/Console/Output/ConsoleOutput))
#23 C:/Users/Charl/LMS-TekQuora-NewDesign/Infixlms-old/artisan(35): Illuminate/Foundation/Console/Kernel->handle(Object(Symfony/Component/Console/Input/ArgvInput), Object(Symfony/Component/Console/Output/ConsoleOutput))
#24 {main}
"} 
[2026-03-26 23:21:08] local.ERROR: SQLSTATE[42000]: Syntax error or access violation: 1063 Incorrect column specifier for column 'price' (Connection: mysql, Host: 127.0.0.1, Port: 3306, Database: lms_old, SQL: alter table `courses` modify `price` float(191) null default '0') {"exception":"[object] (Illuminate\\Database\\QueryException(code: 42000): SQLSTATE[42000]: Syntax error or access violation: 1063 Incorrect column specifier for column 'price' (Connection: mysql, Host: 127.0.0.1, Port: 3306, Database: lms_old, SQL: alter table `courses` modify `price` float(191) null default '0') at C:/Users/Charl/LMS-TekQuora-NewDesign/Infixlms-old/vendor/laravel/framework/src/Illuminate/Database/Connection.php:838)
[stacktrace]
#0 C:/Users/Charl/LMS-TekQuora-NewDesign/Infixlms-old/vendor/laravel/framework/src/Illuminate/Database/Connection.php(794): Illuminate/Database/Connection->runQueryCallback('alter table `co...', Array, Object(Closure))
#1 C:/Users/Charl/LMS-TekQuora-NewDesign/Infixlms-old/vendor/laravel/framework/src/Illuminate/Database/Connection.php(573): Illuminate/Database/Connection->run('alter table `co...', Array, Object(Closure))
#2 C:/Users/Charl/LMS-TekQuora-NewDesign/Infixlms-old/vendor/laravel/framework/src/Illuminate/Database/Schema/Blueprint.php(121): Illuminate/Database/Connection->statement('alter table `co...')
#3 C:/Users/Charl/LMS-TekQuora-NewDesign/Infixlms-old/vendor/laravel/framework/src/Illuminate/Database/Schema/Builder.php(686): Illuminate/Database/Schema/Blueprint->build()
#4 C:/Users/Charl/LMS-TekQuora-NewDesign/Infixlms-old/vendor/laravel/framework/src/Illuminate/Database/Schema/Builder.php(494): Illuminate/Database/Schema/Builder->build(Object(Illuminate/Database/Schema/Blueprint))
#5 C:/Users/Charl/LMS-TekQuora-NewDesign/Infixlms-old/vendor/laravel/framework/src/Illuminate/Support/Facades/Facade.php(363): Illuminate/Database/Schema/Builder->table('courses', Object(Closure))
#6 C:/Users/Charl/LMS-TekQuora-NewDesign/Infixlms-old/Modules/CourseSetting/Database/Migrations/2021_08_03_093703_ChangePriceDatabaseInCourseTable.php(18): Illuminate/Support/Facades/Facade::__callStatic('table', Array)
#7 C:/Users/Charl/LMS-TekQuora-NewDesign/Infixlms-old/vendor/laravel/framework/src/Illuminate/Database/Migrations/Migrator.php(517): ChangePriceDatabaseInCourseTable->up()
#8 C:/Users/Charl/LMS-TekQuora-NewDesign/Infixlms-old/vendor/laravel/framework/src/Illuminate/Database/Migrations/Migrator.php(442): Illuminate/Database/Migrations/Migrator->runMethod(Object(Illuminate/Database/MySqlConnection), Object(ChangePriceDatabaseInCourseTable), 'up')
#9 C:/Users/Charl/LMS-TekQuora-NewDesign/Infixlms-old/vendor/laravel/framework/src/Illuminate/Database/Migrations/Migrator.php(451): Illuminate/Database/Migrations/Migrator->Illuminate/Database/Migrations/{closure}()
#10 C:/Users/Charl/LMS-TekQuora-NewDesign/Infixlms-old/vendor/laravel/framework/src/Illuminate/Database/Migrations/Migrator.php(253): Illuminate/Database/Migrations/Migrator->runMigration(Object(ChangePriceDatabaseInCourseTable), 'up')
#11 C:/Users/Charl/LMS-TekQuora-NewDesign/Infixlms-old/vendor/laravel/framework/src/Illuminate/Console/View/Components/Task.php(41): Illuminate/Database/Migrations/Migrator->Illuminate/Database/Migrations/{closure}()
#12 C:/Users/Charl/LMS-TekQuora-NewDesign/Infixlms-old/vendor/laravel/framework/src/Illuminate/Database/Migrations/Migrator.php(814): Illuminate/Console/View/Components/Task->render('2021_08_03_0937...', Object(Closure))
#13 C:/Users/Charl/LMS-TekQuora-NewDesign/Infixlms-old/vendor/laravel/framework/src/Illuminate/Database/Migrations/Migrator.php(253): Illuminate/Database/Migrations/Migrator->write('Illuminate//Cons...', '2021_08_03_0937...', Object(Closure))
#14 C:/Users/Charl/LMS-TekQuora-NewDesign/Infixlms-old/vendor/laravel/framework/src/Illuminate/Database/Migrations/Migrator.php(211): Illuminate/Database/Migrations/Migrator->runUp('C://Users//Charl//...', 1, false)
#15 C:/Users/Charl/LMS-TekQuora-NewDesign/Infixlms-old/vendor/laravel/framework/src/Illuminate/Database/Migrations/Migrator.php(138): Illuminate/Database/Migrations/Migrator->runPending(Array, Array)
#16 C:/Users/Charl/LMS-TekQuora-NewDesign/Infixlms-old/vendor/laravel/framework/src/Illuminate/Database/Console/Migrations/MigrateCommand.php(116): Illuminate/Database/Migrations/Migrator->run(Array, Array)
#17 C:/Users/Charl/LMS-TekQuora-NewDesign/Infixlms-old/vendor/laravel/framework/src/Illuminate/Database/Migrations/Migrator.php(671): Illuminate/Database/Console/Migrations/MigrateCommand->Illuminate/Database/Console/Migrations/{closure}()
#18 C:/Users/Charl/LMS-TekQuora-NewDesign/Infixlms-old/vendor/laravel/framework/src/Illuminate/Database/Console/Migrations/MigrateCommand.php(109): Illuminate/Database/Migrations/Migrator->usingConnection(NULL, Object(Closure))
#19 C:/Users/Charl/LMS-TekQuora-NewDesign/Infixlms-old/vendor/laravel/framework/src/Illuminate/Database/Console/Migrations/MigrateCommand.php(88): Illuminate/Database/Console/Migrations/MigrateCommand->runMigrations()
#20 C:/Users/Charl/LMS-TekQuora-NewDesign/Infixlms-old/vendor/laravel/framework/src/Illuminate/Container/BoundMethod.php(36): Illuminate/Database/Console/Migrations/MigrateCommand->handle()
#21 C:/Users/Charl/LMS-TekQuora-NewDesign/Infixlms-old/vendor/laravel/framework/src/Illuminate/Container/Util.php(43): Illuminate/Container/BoundMethod::Illuminate/Container/{closure}()
#22 C:/Users/Charl/LMS-TekQuora-NewDesign/Infixlms-old/vendor/laravel/framework/src/Illuminate/Container/BoundMethod.php(96): Illuminate/Container/Util::unwrapIfClosure(Object(Closure))
#23 C:/Users/Charl/LMS-TekQuora-NewDesign/Infixlms-old/vendor/laravel/framework/src/Illuminate/Container/BoundMethod.php(35): Illuminate/Container/BoundMethod::callBoundMethod(Object(Illuminate/Foundation/Application), Array, Object(Closure))
#24 C:/Users/Charl/LMS-TekQuora-NewDesign/Infixlms-old/vendor/laravel/framework/src/Illuminate/Container/Container.php(799): Illuminate/Container/BoundMethod::call(Object(Illuminate/Foundation/Application), Array, Array, NULL)
#25 C:/Users/Charl/LMS-TekQuora-NewDesign/Infixlms-old/vendor/laravel/framework/src/Illuminate/Console/Command.php(211): Illuminate/Container/Container->call(Array)
#26 C:/Users/Charl/LMS-TekQuora-NewDesign/Infixlms-old/vendor/symfony/console/Command/Command.php(341): Illuminate/Console/Command->execute(Object(Symfony/Component/Console/Input/ArrayInput), Object(Illuminate/Console/OutputStyle))
#27 C:/Users/Charl/LMS-TekQuora-NewDesign/Infixlms-old/vendor/laravel/framework/src/Illuminate/Console/Command.php(180): Symfony/Component/Console/Command/Command->run(Object(Symfony/Component/Console/Input/ArrayInput), Object(Illuminate/Console/OutputStyle))
#28 C:/Users/Charl/LMS-TekQuora-NewDesign/Infixlms-old/vendor/laravel/framework/src/Illuminate/Console/Concerns/CallsCommands.php(68): Illuminate/Console/Command->run(Object(Symfony/Component/Console/Input/ArrayInput), Object(Illuminate/Console/OutputStyle))
#29 C:/Users/Charl/LMS-TekQuora-NewDesign/Infixlms-old/vendor/laravel/framework/src/Illuminate/Console/Concerns/CallsCommands.php(29): Illuminate/Console/Command->runCommand('migrate', Array, Object(Illuminate/Console/OutputStyle))
#30 C:/Users/Charl/LMS-TekQuora-NewDesign/Infixlms-old/vendor/laravel/framework/src/Illuminate/Database/Console/Migrations/FreshCommand.php(88): Illuminate/Console/Command->call('migrate', Array)
#31 C:/Users/Charl/LMS-TekQuora-NewDesign/Infixlms-old/vendor/laravel/framework/src/Illuminate/Container/BoundMethod.php(36): Illuminate/Database/Console/Migrations/FreshCommand->handle()
#32 C:/Users/Charl/LMS-TekQuora-NewDesign/Infixlms-old/vendor/laravel/framework/src/Illuminate/Container/Util.php(43): Illuminate/Container/BoundMethod::Illuminate/Container/{closure}()
#33 C:/Users/Charl/LMS-TekQuora-NewDesign/Infixlms-old/vendor/laravel/framework/src/Illuminate/Container/BoundMethod.php(96): Illuminate/Container/Util::unwrapIfClosure(Object(Closure))
#34 C:/Users/Charl/LMS-TekQuora-NewDesign/Infixlms-old/vendor/laravel/framework/src/Illuminate/Container/BoundMethod.php(35): Illuminate/Container/BoundMethod::callBoundMethod(Object(Illuminate/Foundation/Application), Array, Object(Closure))
#35 C:/Users/Charl/LMS-TekQuora-NewDesign/Infixlms-old/vendor/laravel/framework/src/Illuminate/Container/Container.php(799): Illuminate/Container/BoundMethod::call(Object(Illuminate/Foundation/Application), Array, Array, NULL)
#36 C:/Users/Charl/LMS-TekQuora-NewDesign/Infixlms-old/vendor/laravel/framework/src/Illuminate/Console/Command.php(211): Illuminate/Container/Container->call(Array)
#37 C:/Users/Charl/LMS-TekQuora-NewDesign/Infixlms-old/vendor/symfony/console/Command/Command.php(341): Illuminate/Console/Command->execute(Object(Symfony/Component/Console/Input/ArgvInput), Object(Illuminate/Console/OutputStyle))
#38 C:/Users/Charl/LMS-TekQuora-NewDesign/Infixlms-old/vendor/laravel/framework/src/Illuminate/Console/Command.php(180): Symfony/Component/Console/Command/Command->run(Object(Symfony/Component/Console/Input/ArgvInput), Object(Illuminate/Console/OutputStyle))
#39 C:/Users/Charl/LMS-TekQuora-NewDesign/Infixlms-old/vendor/symfony/console/Application.php(1117): Illuminate/Console/Command->run(Object(Symfony/Component/Console/Input/ArgvInput), Object(Symfony/Component/Console/Output/ConsoleOutput))
#40 C:/Users/Charl/LMS-TekQuora-NewDesign/Infixlms-old/vendor/symfony/console/Application.php(356): Symfony/Component/Console/Application->doRunCommand(Object(Illuminate/Database/Console/Migrations/FreshCommand), Object(Symfony/Component/Console/Input/ArgvInput), Object(Symfony/Component/Console/Output/ConsoleOutput))
#41 C:/Users/Charl/LMS-TekQuora-NewDesign/Infixlms-old/vendor/symfony/console/Application.php(195): Symfony/Component/Console/Application->doRun(Object(Symfony/Component/Console/Input/ArgvInput), Object(Symfony/Component/Console/Output/ConsoleOutput))
#42 C:/Users/Charl/LMS-TekQuora-NewDesign/Infixlms-old/vendor/laravel/framework/src/Illuminate/Foundation/Console/Kernel.php(198): Symfony/Component/Console/Application->run(Object(Symfony/Component/Console/Input/ArgvInput), Object(Symfony/Component/Console/Output/ConsoleOutput))
#43 C:/Users/Charl/LMS-TekQuora-NewDesign/Infixlms-old/artisan(35): Illuminate/Foundation/Console/Kernel->handle(Object(Symfony/Component/Console/Input/ArgvInput), Object(Symfony/Component/Console/Output/ConsoleOutput))
#44 {main}

[previous exception] [object] (PDOException(code: 42000): SQLSTATE[42000]: Syntax error or access violation: 1063 Incorrect column specifier for column 'price' at C:/Users/Charl/LMS-TekQuora-NewDesign/Infixlms-old/vendor/laravel/framework/src/Illuminate/Database/Connection.php:578)
[stacktrace]
#0 C:/Users/Charl/LMS-TekQuora-NewDesign/Infixlms-old/vendor/laravel/framework/src/Illuminate/Database/Connection.php(578): PDO->prepare('alter table `co...')
#1 C:/Users/Charl/LMS-TekQuora-NewDesign/Infixlms-old/vendor/laravel/framework/src/Illuminate/Database/Connection.php(827): Illuminate/Database/Connection->Illuminate/Database/{closure}('alter table `co...', Array)
#2 C:/Users/Charl/LMS-TekQuora-NewDesign/Infixlms-old/vendor/laravel/framework/src/Illuminate/Database/Connection.php(794): Illuminate/Database/Connection->runQueryCallback('alter table `co...', Array, Object(Closure))
#3 C:/Users/Charl/LMS-TekQuora-NewDesign/Infixlms-old/vendor/laravel/framework/src/Illuminate/Database/Connection.php(573): Illuminate/Database/Connection->run('alter table `co...', Array, Object(Closure))
#4 C:/Users/Charl/LMS-TekQuora-NewDesign/Infixlms-old/vendor/laravel/framework/src/Illuminate/Database/Schema/Blueprint.php(121): Illuminate/Database/Connection->statement('alter table `co...')
#5 C:/Users/Charl/LMS-TekQuora-NewDesign/Infixlms-old/vendor/laravel/framework/src/Illuminate/Database/Schema/Builder.php(686): Illuminate/Database/Schema/Blueprint->build()
#6 C:/Users/Charl/LMS-TekQuora-NewDesign/Infixlms-old/vendor/laravel/framework/src/Illuminate/Database/Schema/Builder.php(494): Illuminate/Database/Schema/Builder->build(Object(Illuminate/Database/Schema/Blueprint))
#7 C:/Users/Charl/LMS-TekQuora-NewDesign/Infixlms-old/vendor/laravel/framework/src/Illuminate/Support/Facades/Facade.php(363): Illuminate/Database/Schema/Builder->table('courses', Object(Closure))
#8 C:/Users/Charl/LMS-TekQuora-NewDesign/Infixlms-old/Modules/CourseSetting/Database/Migrations/2021_08_03_093703_ChangePriceDatabaseInCourseTable.php(18): Illuminate/Support/Facades/Facade::__callStatic('table', Array)
#9 C:/Users/Charl/LMS-TekQuora-NewDesign/Infixlms-old/vendor/laravel/framework/src/Illuminate/Database/Migrations/Migrator.php(517): ChangePriceDatabaseInCourseTable->up()
#10 C:/Users/Charl/LMS-TekQuora-NewDesign/Infixlms-old/vendor/laravel/framework/src/Illuminate/Database/Migrations/Migrator.php(442): Illuminate/Database/Migrations/Migrator->runMethod(Object(Illuminate/Database/MySqlConnection), Object(ChangePriceDatabaseInCourseTable), 'up')
#11 C:/Users/Charl/LMS-TekQuora-NewDesign/Infixlms-old/vendor/laravel/framework/src/Illuminate/Database/Migrations/Migrator.php(451): Illuminate/Database/Migrations/Migrator->Illuminate/Database/Migrations/{closure}()
#12 C:/Users/Charl/LMS-TekQuora-NewDesign/Infixlms-old/vendor/laravel/framework/src/Illuminate/Database/Migrations/Migrator.php(253): Illuminate/Database/Migrations/Migrator->runMigration(Object(ChangePriceDatabaseInCourseTable), 'up')
#13 C:/Users/Charl/LMS-TekQuora-NewDesign/Infixlms-old/vendor/laravel/framework/src/Illuminate/Console/View/Components/Task.php(41): Illuminate/Database/Migrations/Migrator->Illuminate/Database/Migrations/{closure}()
#14 C:/Users/Charl/LMS-TekQuora-NewDesign/Infixlms-old/vendor/laravel/framework/src/Illuminate/Database/Migrations/Migrator.php(814): Illuminate/Console/View/Components/Task->render('2021_08_03_0937...', Object(Closure))
#15 C:/Users/Charl/LMS-TekQuora-NewDesign/Infixlms-old/vendor/laravel/framework/src/Illuminate/Database/Migrations/Migrator.php(253): Illuminate/Database/Migrations/Migrator->write('Illuminate//Cons...', '2021_08_03_0937...', Object(Closure))
#16 C:/Users/Charl/LMS-TekQuora-NewDesign/Infixlms-old/vendor/laravel/framework/src/Illuminate/Database/Migrations/Migrator.php(211): Illuminate/Database/Migrations/Migrator->runUp('C://Users//Charl//...', 1, false)
#17 C:/Users/Charl/LMS-TekQuora-NewDesign/Infixlms-old/vendor/laravel/framework/src/Illuminate/Database/Migrations/Migrator.php(138): Illuminate/Database/Migrations/Migrator->runPending(Array, Array)
#18 C:/Users/Charl/LMS-TekQuora-NewDesign/Infixlms-old/vendor/laravel/framework/src/Illuminate/Database/Console/Migrations/MigrateCommand.php(116): Illuminate/Database/Migrations/Migrator->run(Array, Array)
#19 C:/Users/Charl/LMS-TekQuora-NewDesign/Infixlms-old/vendor/laravel/framework/src/Illuminate/Database/Migrations/Migrator.php(671): Illuminate/Database/Console/Migrations/MigrateCommand->Illuminate/Database/Console/Migrations/{closure}()
#20 C:/Users/Charl/LMS-TekQuora-NewDesign/Infixlms-old/vendor/laravel/framework/src/Illuminate/Database/Console/Migrations/MigrateCommand.php(109): Illuminate/Database/Migrations/Migrator->usingConnection(NULL, Object(Closure))
#21 C:/Users/Charl/LMS-TekQuora-NewDesign/Infixlms-old/vendor/laravel/framework/src/Illuminate/Database/Console/Migrations/MigrateCommand.php(88): Illuminate/Database/Console/Migrations/MigrateCommand->runMigrations()
#22 C:/Users/Charl/LMS-TekQuora-NewDesign/Infixlms-old/vendor/laravel/framework/src/Illuminate/Container/BoundMethod.php(36): Illuminate/Database/Console/Migrations/MigrateCommand->handle()
#23 C:/Users/Charl/LMS-TekQuora-NewDesign/Infixlms-old/vendor/laravel/framework/src/Illuminate/Container/Util.php(43): Illuminate/Container/BoundMethod::Illuminate/Container/{closure}()
#24 C:/Users/Charl/LMS-TekQuora-NewDesign/Infixlms-old/vendor/laravel/framework/src/Illuminate/Container/BoundMethod.php(96): Illuminate/Container/Util::unwrapIfClosure(Object(Closure))
#25 C:/Users/Charl/LMS-TekQuora-NewDesign/Infixlms-old/vendor/laravel/framework/src/Illuminate/Container/BoundMethod.php(35): Illuminate/Container/BoundMethod::callBoundMethod(Object(Illuminate/Foundation/Application), Array, Object(Closure))
#26 C:/Users/Charl/LMS-TekQuora-NewDesign/Infixlms-old/vendor/laravel/framework/src/Illuminate/Container/Container.php(799): Illuminate/Container/BoundMethod::call(Object(Illuminate/Foundation/Application), Array, Array, NULL)
#27 C:/Users/Charl/LMS-TekQuora-NewDesign/Infixlms-old/vendor/laravel/framework/src/Illuminate/Console/Command.php(211): Illuminate/Container/Container->call(Array)
#28 C:/Users/Charl/LMS-TekQuora-NewDesign/Infixlms-old/vendor/symfony/console/Command/Command.php(341): Illuminate/Console/Command->execute(Object(Symfony/Component/Console/Input/ArrayInput), Object(Illuminate/Console/OutputStyle))
#29 C:/Users/Charl/LMS-TekQuora-NewDesign/Infixlms-old/vendor/laravel/framework/src/Illuminate/Console/Command.php(180): Symfony/Component/Console/Command/Command->run(Object(Symfony/Component/Console/Input/ArrayInput), Object(Illuminate/Console/OutputStyle))
#30 C:/Users/Charl/LMS-TekQuora-NewDesign/Infixlms-old/vendor/laravel/framework/src/Illuminate/Console/Concerns/CallsCommands.php(68): Illuminate/Console/Command->run(Object(Symfony/Component/Console/Input/ArrayInput), Object(Illuminate/Console/OutputStyle))
#31 C:/Users/Charl/LMS-TekQuora-NewDesign/Infixlms-old/vendor/laravel/framework/src/Illuminate/Console/Concerns/CallsCommands.php(29): Illuminate/Console/Command->runCommand('migrate', Array, Object(Illuminate/Console/OutputStyle))
#32 C:/Users/Charl/LMS-TekQuora-NewDesign/Infixlms-old/vendor/laravel/framework/src/Illuminate/Database/Console/Migrations/FreshCommand.php(88): Illuminate/Console/Command->call('migrate', Array)
#33 C:/Users/Charl/LMS-TekQuora-NewDesign/Infixlms-old/vendor/laravel/framework/src/Illuminate/Container/BoundMethod.php(36): Illuminate/Database/Console/Migrations/FreshCommand->handle()
#34 C:/Users/Charl/LMS-TekQuora-NewDesign/Infixlms-old/vendor/laravel/framework/src/Illuminate/Container/Util.php(43): Illuminate/Container/BoundMethod::Illuminate/Container/{closure}()
#35 C:/Users/Charl/LMS-TekQuora-NewDesign/Infixlms-old/vendor/laravel/framework/src/Illuminate/Container/BoundMethod.php(96): Illuminate/Container/Util::unwrapIfClosure(Object(Closure))
#36 C:/Users/Charl/LMS-TekQuora-NewDesign/Infixlms-old/vendor/laravel/framework/src/Illuminate/Container/BoundMethod.php(35): Illuminate/Container/BoundMethod::callBoundMethod(Object(Illuminate/Foundation/Application), Array, Object(Closure))
#37 C:/Users/Charl/LMS-TekQuora-NewDesign/Infixlms-old/vendor/laravel/framework/src/Illuminate/Container/Container.php(799): Illuminate/Container/BoundMethod::call(Object(Illuminate/Foundation/Application), Array, Array, NULL)
#38 C:/Users/Charl/LMS-TekQuora-NewDesign/Infixlms-old/vendor/laravel/framework/src/Illuminate/Console/Command.php(211): Illuminate/Container/Container->call(Array)
#39 C:/Users/Charl/LMS-TekQuora-NewDesign/Infixlms-old/vendor/symfony/console/Command/Command.php(341): Illuminate/Console/Command->execute(Object(Symfony/Component/Console/Input/ArgvInput), Object(Illuminate/Console/OutputStyle))
#40 C:/Users/Charl/LMS-TekQuora-NewDesign/Infixlms-old/vendor/laravel/framework/src/Illuminate/Console/Command.php(180): Symfony/Component/Console/Command/Command->run(Object(Symfony/Component/Console/Input/ArgvInput), Object(Illuminate/Console/OutputStyle))
#41 C:/Users/Charl/LMS-TekQuora-NewDesign/Infixlms-old/vendor/symfony/console/Application.php(1117): Illuminate/Console/Command->run(Object(Symfony/Component/Console/Input/ArgvInput), Object(Symfony/Component/Console/Output/ConsoleOutput))
#42 C:/Users/Charl/LMS-TekQuora-NewDesign/Infixlms-old/vendor/symfony/console/Application.php(356): Symfony/Component/Console/Application->doRunCommand(Object(Illuminate/Database/Console/Migrations/FreshCommand), Object(Symfony/Component/Console/Input/ArgvInput), Object(Symfony/Component/Console/Output/ConsoleOutput))
#43 C:/Users/Charl/LMS-TekQuora-NewDesign/Infixlms-old/vendor/symfony/console/Application.php(195): Symfony/Component/Console/Application->doRun(Object(Symfony/Component/Console/Input/ArgvInput), Object(Symfony/Component/Console/Output/ConsoleOutput))
#44 C:/Users/Charl/LMS-TekQuora-NewDesign/Infixlms-old/vendor/laravel/framework/src/Illuminate/Foundation/Console/Kernel.php(198): Symfony/Component/Console/Application->run(Object(Symfony/Component/Console/Input/ArgvInput), Object(Symfony/Component/Console/Output/ConsoleOutput))
#45 C:/Users/Charl/LMS-TekQuora-NewDesign/Infixlms-old/artisan(35): Illuminate/Foundation/Console/Kernel->handle(Object(Symfony/Component/Console/Input/ArgvInput), Object(Symfony/Component/Console/Output/ConsoleOutput))
#46 {main}
"} 
[2026-03-26 23:25:38] local.ERROR: SQLSTATE[42000]: Syntax error or access violation: 1063 Incorrect column specifier for column 'price' (Connection: mysql, Host: 127.0.0.1, Port: 3306, Database: lms_old, SQL: alter table `courses` modify `price` float(191) null default '0') {"exception":"[object] (Illuminate\\Database\\QueryException(code: 42000): SQLSTATE[42000]: Syntax error or access violation: 1063 Incorrect column specifier for column 'price' (Connection: mysql, Host: 127.0.0.1, Port: 3306, Database: lms_old, SQL: alter table `courses` modify `price` float(191) null default '0') at C:/Users/Charl/LMS-TekQuora-NewDesign/Infixlms-old/vendor/laravel/framework/src/Illuminate/Database/Connection.php:838)
[stacktrace]
#0 C:/Users/Charl/LMS-TekQuora-NewDesign/Infixlms-old/vendor/laravel/framework/src/Illuminate/Database/Connection.php(794): Illuminate/Database/Connection->runQueryCallback('alter table `co...', Array, Object(Closure))
#1 C:/Users/Charl/LMS-TekQuora-NewDesign/Infixlms-old/vendor/laravel/framework/src/Illuminate/Database/Connection.php(573): Illuminate/Database/Connection->run('alter table `co...', Array, Object(Closure))
#2 C:/Users/Charl/LMS-TekQuora-NewDesign/Infixlms-old/vendor/laravel/framework/src/Illuminate/Database/Schema/Blueprint.php(121): Illuminate/Database/Connection->statement('alter table `co...')
#3 C:/Users/Charl/LMS-TekQuora-NewDesign/Infixlms-old/vendor/laravel/framework/src/Illuminate/Database/Schema/Builder.php(686): Illuminate/Database/Schema/Blueprint->build()
#4 C:/Users/Charl/LMS-TekQuora-NewDesign/Infixlms-old/vendor/laravel/framework/src/Illuminate/Database/Schema/Builder.php(494): Illuminate/Database/Schema/Builder->build(Object(Illuminate/Database/Schema/Blueprint))
#5 C:/Users/Charl/LMS-TekQuora-NewDesign/Infixlms-old/vendor/laravel/framework/src/Illuminate/Support/Facades/Facade.php(363): Illuminate/Database/Schema/Builder->table('courses', Object(Closure))
#6 C:/Users/Charl/LMS-TekQuora-NewDesign/Infixlms-old/Modules/CourseSetting/Database/Migrations/2021_08_03_093703_ChangePriceDatabaseInCourseTable.php(18): Illuminate/Support/Facades/Facade::__callStatic('table', Array)
#7 C:/Users/Charl/LMS-TekQuora-NewDesign/Infixlms-old/vendor/laravel/framework/src/Illuminate/Database/Migrations/Migrator.php(517): ChangePriceDatabaseInCourseTable->up()
#8 C:/Users/Charl/LMS-TekQuora-NewDesign/Infixlms-old/vendor/laravel/framework/src/Illuminate/Database/Migrations/Migrator.php(442): Illuminate/Database/Migrations/Migrator->runMethod(Object(Illuminate/Database/MySqlConnection), Object(ChangePriceDatabaseInCourseTable), 'up')
#9 C:/Users/Charl/LMS-TekQuora-NewDesign/Infixlms-old/vendor/laravel/framework/src/Illuminate/Database/Migrations/Migrator.php(451): Illuminate/Database/Migrations/Migrator->Illuminate/Database/Migrations/{closure}()
#10 C:/Users/Charl/LMS-TekQuora-NewDesign/Infixlms-old/vendor/laravel/framework/src/Illuminate/Database/Migrations/Migrator.php(253): Illuminate/Database/Migrations/Migrator->runMigration(Object(ChangePriceDatabaseInCourseTable), 'up')
#11 C:/Users/Charl/LMS-TekQuora-NewDesign/Infixlms-old/vendor/laravel/framework/src/Illuminate/Console/View/Components/Task.php(41): Illuminate/Database/Migrations/Migrator->Illuminate/Database/Migrations/{closure}()
#12 C:/Users/Charl/LMS-TekQuora-NewDesign/Infixlms-old/vendor/laravel/framework/src/Illuminate/Database/Migrations/Migrator.php(814): Illuminate/Console/View/Components/Task->render('2021_08_03_0937...', Object(Closure))
#13 C:/Users/Charl/LMS-TekQuora-NewDesign/Infixlms-old/vendor/laravel/framework/src/Illuminate/Database/Migrations/Migrator.php(253): Illuminate/Database/Migrations/Migrator->write('Illuminate//Cons...', '2021_08_03_0937...', Object(Closure))
#14 C:/Users/Charl/LMS-TekQuora-NewDesign/Infixlms-old/vendor/laravel/framework/src/Illuminate/Database/Migrations/Migrator.php(211): Illuminate/Database/Migrations/Migrator->runUp('C://Users//Charl//...', 1, false)
#15 C:/Users/Charl/LMS-TekQuora-NewDesign/Infixlms-old/vendor/laravel/framework/src/Illuminate/Database/Migrations/Migrator.php(138): Illuminate/Database/Migrations/Migrator->runPending(Array, Array)
#16 C:/Users/Charl/LMS-TekQuora-NewDesign/Infixlms-old/vendor/laravel/framework/src/Illuminate/Database/Console/Migrations/MigrateCommand.php(116): Illuminate/Database/Migrations/Migrator->run(Array, Array)
#17 C:/Users/Charl/LMS-TekQuora-NewDesign/Infixlms-old/vendor/laravel/framework/src/Illuminate/Database/Migrations/Migrator.php(671): Illuminate/Database/Console/Migrations/MigrateCommand->Illuminate/Database/Console/Migrations/{closure}()
#18 C:/Users/Charl/LMS-TekQuora-NewDesign/Infixlms-old/vendor/laravel/framework/src/Illuminate/Database/Console/Migrations/MigrateCommand.php(109): Illuminate/Database/Migrations/Migrator->usingConnection(NULL, Object(Closure))
#19 C:/Users/Charl/LMS-TekQuora-NewDesign/Infixlms-old/vendor/laravel/framework/src/Illuminate/Database/Console/Migrations/MigrateCommand.php(88): Illuminate/Database/Console/Migrations/MigrateCommand->runMigrations()
#20 C:/Users/Charl/LMS-TekQuora-NewDesign/Infixlms-old/vendor/laravel/framework/src/Illuminate/Container/BoundMethod.php(36): Illuminate/Database/Console/Migrations/MigrateCommand->handle()
#21 C:/Users/Charl/LMS-TekQuora-NewDesign/Infixlms-old/vendor/laravel/framework/src/Illuminate/Container/Util.php(43): Illuminate/Container/BoundMethod::Illuminate/Container/{closure}()
#22 C:/Users/Charl/LMS-TekQuora-NewDesign/Infixlms-old/vendor/laravel/framework/src/Illuminate/Container/BoundMethod.php(96): Illuminate/Container/Util::unwrapIfClosure(Object(Closure))
#23 C:/Users/Charl/LMS-TekQuora-NewDesign/Infixlms-old/vendor/laravel/framework/src/Illuminate/Container/BoundMethod.php(35): Illuminate/Container/BoundMethod::callBoundMethod(Object(Illuminate/Foundation/Application), Array, Object(Closure))
#24 C:/Users/Charl/LMS-TekQuora-NewDesign/Infixlms-old/vendor/laravel/framework/src/Illuminate/Container/Container.php(799): Illuminate/Container/BoundMethod::call(Object(Illuminate/Foundation/Application), Array, Array, NULL)
#25 C:/Users/Charl/LMS-TekQuora-NewDesign/Infixlms-old/vendor/laravel/framework/src/Illuminate/Console/Command.php(211): Illuminate/Container/Container->call(Array)
#26 C:/Users/Charl/LMS-TekQuora-NewDesign/Infixlms-old/vendor/symfony/console/Command/Command.php(341): Illuminate/Console/Command->execute(Object(Symfony/Component/Console/Input/ArrayInput), Object(Illuminate/Console/OutputStyle))
#27 C:/Users/Charl/LMS-TekQuora-NewDesign/Infixlms-old/vendor/laravel/framework/src/Illuminate/Console/Command.php(180): Symfony/Component/Console/Command/Command->run(Object(Symfony/Component/Console/Input/ArrayInput), Object(Illuminate/Console/OutputStyle))
#28 C:/Users/Charl/LMS-TekQuora-NewDesign/Infixlms-old/vendor/laravel/framework/src/Illuminate/Console/Concerns/CallsCommands.php(68): Illuminate/Console/Command->run(Object(Symfony/Component/Console/Input/ArrayInput), Object(Illuminate/Console/OutputStyle))
#29 C:/Users/Charl/LMS-TekQuora-NewDesign/Infixlms-old/vendor/laravel/framework/src/Illuminate/Console/Concerns/CallsCommands.php(29): Illuminate/Console/Command->runCommand('migrate', Array, Object(Illuminate/Console/OutputStyle))
#30 C:/Users/Charl/LMS-TekQuora-NewDesign/Infixlms-old/vendor/laravel/framework/src/Illuminate/Database/Console/Migrations/FreshCommand.php(88): Illuminate/Console/Command->call('migrate', Array)
#31 C:/Users/Charl/LMS-TekQuora-NewDesign/Infixlms-old/vendor/laravel/framework/src/Illuminate/Container/BoundMethod.php(36): Illuminate/Database/Console/Migrations/FreshCommand->handle()
#32 C:/Users/Charl/LMS-TekQuora-NewDesign/Infixlms-old/vendor/laravel/framework/src/Illuminate/Container/Util.php(43): Illuminate/Container/BoundMethod::Illuminate/Container/{closure}()
#33 C:/Users/Charl/LMS-TekQuora-NewDesign/Infixlms-old/vendor/laravel/framework/src/Illuminate/Container/BoundMethod.php(96): Illuminate/Container/Util::unwrapIfClosure(Object(Closure))
#34 C:/Users/Charl/LMS-TekQuora-NewDesign/Infixlms-old/vendor/laravel/framework/src/Illuminate/Container/BoundMethod.php(35): Illuminate/Container/BoundMethod::callBoundMethod(Object(Illuminate/Foundation/Application), Array, Object(Closure))
#35 C:/Users/Charl/LMS-TekQuora-NewDesign/Infixlms-old/vendor/laravel/framework/src/Illuminate/Container/Container.php(799): Illuminate/Container/BoundMethod::call(Object(Illuminate/Foundation/Application), Array, Array, NULL)
#36 C:/Users/Charl/LMS-TekQuora-NewDesign/Infixlms-old/vendor/laravel/framework/src/Illuminate/Console/Command.php(211): Illuminate/Container/Container->call(Array)
#37 C:/Users/Charl/LMS-TekQuora-NewDesign/Infixlms-old/vendor/symfony/console/Command/Command.php(341): Illuminate/Console/Command->execute(Object(Symfony/Component/Console/Input/ArgvInput), Object(Illuminate/Console/OutputStyle))
#38 C:/Users/Charl/LMS-TekQuora-NewDesign/Infixlms-old/vendor/laravel/framework/src/Illuminate/Console/Command.php(180): Symfony/Component/Console/Command/Command->run(Object(Symfony/Component/Console/Input/ArgvInput), Object(Illuminate/Console/OutputStyle))
#39 C:/Users/Charl/LMS-TekQuora-NewDesign/Infixlms-old/vendor/symfony/console/Application.php(1117): Illuminate/Console/Command->run(Object(Symfony/Component/Console/Input/ArgvInput), Object(Symfony/Component/Console/Output/ConsoleOutput))
#40 C:/Users/Charl/LMS-TekQuora-NewDesign/Infixlms-old/vendor/symfony/console/Application.php(356): Symfony/Component/Console/Application->doRunCommand(Object(Illuminate/Database/Console/Migrations/FreshCommand), Object(Symfony/Component/Console/Input/ArgvInput), Object(Symfony/Component/Console/Output/ConsoleOutput))
#41 C:/Users/Charl/LMS-TekQuora-NewDesign/Infixlms-old/vendor/symfony/console/Application.php(195): Symfony/Component/Console/Application->doRun(Object(Symfony/Component/Console/Input/ArgvInput), Object(Symfony/Component/Console/Output/ConsoleOutput))
#42 C:/Users/Charl/LMS-TekQuora-NewDesign/Infixlms-old/vendor/laravel/framework/src/Illuminate/Foundation/Console/Kernel.php(198): Symfony/Component/Console/Application->run(Object(Symfony/Component/Console/Input/ArgvInput), Object(Symfony/Component/Console/Output/ConsoleOutput))
#43 C:/Users/Charl/LMS-TekQuora-NewDesign/Infixlms-old/artisan(35): Illuminate/Foundation/Console/Kernel->handle(Object(Symfony/Component/Console/Input/ArgvInput), Object(Symfony/Component/Console/Output/ConsoleOutput))
#44 {main}

[previous exception] [object] (PDOException(code: 42000): SQLSTATE[42000]: Syntax error or access violation: 1063 Incorrect column specifier for column 'price' at C:/Users/Charl/LMS-TekQuora-NewDesign/Infixlms-old/vendor/laravel/framework/src/Illuminate/Database/Connection.php:578)
[stacktrace]
#0 C:/Users/Charl/LMS-TekQuora-NewDesign/Infixlms-old/vendor/laravel/framework/src/Illuminate/Database/Connection.php(578): PDO->prepare('alter table `co...')
#1 C:/Users/Charl/LMS-TekQuora-NewDesign/Infixlms-old/vendor/laravel/framework/src/Illuminate/Database/Connection.php(827): Illuminate/Database/Connection->Illuminate/Database/{closure}('alter table `co...', Array)
#2 C:/Users/Charl/LMS-TekQuora-NewDesign/Infixlms-old/vendor/laravel/framework/src/Illuminate/Database/Connection.php(794): Illuminate/Database/Connection->runQueryCallback('alter table `co...', Array, Object(Closure))
#3 C:/Users/Charl/LMS-TekQuora-NewDesign/Infixlms-old/vendor/laravel/framework/src/Illuminate/Database/Connection.php(573): Illuminate/Database/Connection->run('alter table `co...', Array, Object(Closure))
#4 C:/Users/Charl/LMS-TekQuora-NewDesign/Infixlms-old/vendor/laravel/framework/src/Illuminate/Database/Schema/Blueprint.php(121): Illuminate/Database/Connection->statement('alter table `co...')
#5 C:/Users/Charl/LMS-TekQuora-NewDesign/Infixlms-old/vendor/laravel/framework/src/Illuminate/Database/Schema/Builder.php(686): Illuminate/Database/Schema/Blueprint->build()
#6 C:/Users/Charl/LMS-TekQuora-NewDesign/Infixlms-old/vendor/laravel/framework/src/Illuminate/Database/Schema/Builder.php(494): Illuminate/Database/Schema/Builder->build(Object(Illuminate/Database/Schema/Blueprint))
#7 C:/Users/Charl/LMS-TekQuora-NewDesign/Infixlms-old/vendor/laravel/framework/src/Illuminate/Support/Facades/Facade.php(363): Illuminate/Database/Schema/Builder->table('courses', Object(Closure))
#8 C:/Users/Charl/LMS-TekQuora-NewDesign/Infixlms-old/Modules/CourseSetting/Database/Migrations/2021_08_03_093703_ChangePriceDatabaseInCourseTable.php(18): Illuminate/Support/Facades/Facade::__callStatic('table', Array)
#9 C:/Users/Charl/LMS-TekQuora-NewDesign/Infixlms-old/vendor/laravel/framework/src/Illuminate/Database/Migrations/Migrator.php(517): ChangePriceDatabaseInCourseTable->up()
#10 C:/Users/Charl/LMS-TekQuora-NewDesign/Infixlms-old/vendor/laravel/framework/src/Illuminate/Database/Migrations/Migrator.php(442): Illuminate/Database/Migrations/Migrator->runMethod(Object(Illuminate/Database/MySqlConnection), Object(ChangePriceDatabaseInCourseTable), 'up')
#11 C:/Users/Charl/LMS-TekQuora-NewDesign/Infixlms-old/vendor/laravel/framework/src/Illuminate/Database/Migrations/Migrator.php(451): Illuminate/Database/Migrations/Migrator->Illuminate/Database/Migrations/{closure}()
#12 C:/Users/Charl/LMS-TekQuora-NewDesign/Infixlms-old/vendor/laravel/framework/src/Illuminate/Database/Migrations/Migrator.php(253): Illuminate/Database/Migrations/Migrator->runMigration(Object(ChangePriceDatabaseInCourseTable), 'up')
#13 C:/Users/Charl/LMS-TekQuora-NewDesign/Infixlms-old/vendor/laravel/framework/src/Illuminate/Console/View/Components/Task.php(41): Illuminate/Database/Migrations/Migrator->Illuminate/Database/Migrations/{closure}()
#14 C:/Users/Charl/LMS-TekQuora-NewDesign/Infixlms-old/vendor/laravel/framework/src/Illuminate/Database/Migrations/Migrator.php(814): Illuminate/Console/View/Components/Task->render('2021_08_03_0937...', Object(Closure))
#15 C:/Users/Charl/LMS-TekQuora-NewDesign/Infixlms-old/vendor/laravel/framework/src/Illuminate/Database/Migrations/Migrator.php(253): Illuminate/Database/Migrations/Migrator->write('Illuminate//Cons...', '2021_08_03_0937...', Object(Closure))
#16 C:/Users/Charl/LMS-TekQuora-NewDesign/Infixlms-old/vendor/laravel/framework/src/Illuminate/Database/Migrations/Migrator.php(211): Illuminate/Database/Migrations/Migrator->runUp('C://Users//Charl//...', 1, false)
#17 C:/Users/Charl/LMS-TekQuora-NewDesign/Infixlms-old/vendor/laravel/framework/src/Illuminate/Database/Migrations/Migrator.php(138): Illuminate/Database/Migrations/Migrator->runPending(Array, Array)
#18 C:/Users/Charl/LMS-TekQuora-NewDesign/Infixlms-old/vendor/laravel/framework/src/Illuminate/Database/Console/Migrations/MigrateCommand.php(116): Illuminate/Database/Migrations/Migrator->run(Array, Array)
#19 C:/Users/Charl/LMS-TekQuora-NewDesign/Infixlms-old/vendor/laravel/framework/src/Illuminate/Database/Migrations/Migrator.php(671): Illuminate/Database/Console/Migrations/MigrateCommand->Illuminate/Database/Console/Migrations/{closure}()
#20 C:/Users/Charl/LMS-TekQuora-NewDesign/Infixlms-old/vendor/laravel/framework/src/Illuminate/Database/Console/Migrations/MigrateCommand.php(109): Illuminate/Database/Migrations/Migrator->usingConnection(NULL, Object(Closure))
#21 C:/Users/Charl/LMS-TekQuora-NewDesign/Infixlms-old/vendor/laravel/framework/src/Illuminate/Database/Console/Migrations/MigrateCommand.php(88): Illuminate/Database/Console/Migrations/MigrateCommand->runMigrations()
#22 C:/Users/Charl/LMS-TekQuora-NewDesign/Infixlms-old/vendor/laravel/framework/src/Illuminate/Container/BoundMethod.php(36): Illuminate/Database/Console/Migrations/MigrateCommand->handle()
#23 C:/Users/Charl/LMS-TekQuora-NewDesign/Infixlms-old/vendor/laravel/framework/src/Illuminate/Container/Util.php(43): Illuminate/Container/BoundMethod::Illuminate/Container/{closure}()
#24 C:/Users/Charl/LMS-TekQuora-NewDesign/Infixlms-old/vendor/laravel/framework/src/Illuminate/Container/BoundMethod.php(96): Illuminate/Container/Util::unwrapIfClosure(Object(Closure))
#25 C:/Users/Charl/LMS-TekQuora-NewDesign/Infixlms-old/vendor/laravel/framework/src/Illuminate/Container/BoundMethod.php(35): Illuminate/Container/BoundMethod::callBoundMethod(Object(Illuminate/Foundation/Application), Array, Object(Closure))
#26 C:/Users/Charl/LMS-TekQuora-NewDesign/Infixlms-old/vendor/laravel/framework/src/Illuminate/Container/Container.php(799): Illuminate/Container/BoundMethod::call(Object(Illuminate/Foundation/Application), Array, Array, NULL)
#27 C:/Users/Charl/LMS-TekQuora-NewDesign/Infixlms-old/vendor/laravel/framework/src/Illuminate/Console/Command.php(211): Illuminate/Container/Container->call(Array)
#28 C:/Users/Charl/LMS-TekQuora-NewDesign/Infixlms-old/vendor/symfony/console/Command/Command.php(341): Illuminate/Console/Command->execute(Object(Symfony/Component/Console/Input/ArrayInput), Object(Illuminate/Console/OutputStyle))
#29 C:/Users/Charl/LMS-TekQuora-NewDesign/Infixlms-old/vendor/laravel/framework/src/Illuminate/Console/Command.php(180): Symfony/Component/Console/Command/Command->run(Object(Symfony/Component/Console/Input/ArrayInput), Object(Illuminate/Console/OutputStyle))
#30 C:/Users/Charl/LMS-TekQuora-NewDesign/Infixlms-old/vendor/laravel/framework/src/Illuminate/Console/Concerns/CallsCommands.php(68): Illuminate/Console/Command->run(Object(Symfony/Component/Console/Input/ArrayInput), Object(Illuminate/Console/OutputStyle))
#31 C:/Users/Charl/LMS-TekQuora-NewDesign/Infixlms-old/vendor/laravel/framework/src/Illuminate/Console/Concerns/CallsCommands.php(29): Illuminate/Console/Command->runCommand('migrate', Array, Object(Illuminate/Console/OutputStyle))
#32 C:/Users/Charl/LMS-TekQuora-NewDesign/Infixlms-old/vendor/laravel/framework/src/Illuminate/Database/Console/Migrations/FreshCommand.php(88): Illuminate/Console/Command->call('migrate', Array)
#33 C:/Users/Charl/LMS-TekQuora-NewDesign/Infixlms-old/vendor/laravel/framework/src/Illuminate/Container/BoundMethod.php(36): Illuminate/Database/Console/Migrations/FreshCommand->handle()
#34 C:/Users/Charl/LMS-TekQuora-NewDesign/Infixlms-old/vendor/laravel/framework/src/Illuminate/Container/Util.php(43): Illuminate/Container/BoundMethod::Illuminate/Container/{closure}()
#35 C:/Users/Charl/LMS-TekQuora-NewDesign/Infixlms-old/vendor/laravel/framework/src/Illuminate/Container/BoundMethod.php(96): Illuminate/Container/Util::unwrapIfClosure(Object(Closure))
#36 C:/Users/Charl/LMS-TekQuora-NewDesign/Infixlms-old/vendor/laravel/framework/src/Illuminate/Container/BoundMethod.php(35): Illuminate/Container/BoundMethod::callBoundMethod(Object(Illuminate/Foundation/Application), Array, Object(Closure))
#37 C:/Users/Charl/LMS-TekQuora-NewDesign/Infixlms-old/vendor/laravel/framework/src/Illuminate/Container/Container.php(799): Illuminate/Container/BoundMethod::call(Object(Illuminate/Foundation/Application), Array, Array, NULL)
#38 C:/Users/Charl/LMS-TekQuora-NewDesign/Infixlms-old/vendor/laravel/framework/src/Illuminate/Console/Command.php(211): Illuminate/Container/Container->call(Array)
#39 C:/Users/Charl/LMS-TekQuora-NewDesign/Infixlms-old/vendor/symfony/console/Command/Command.php(341): Illuminate/Console/Command->execute(Object(Symfony/Component/Console/Input/ArgvInput), Object(Illuminate/Console/OutputStyle))
#40 C:/Users/Charl/LMS-TekQuora-NewDesign/Infixlms-old/vendor/laravel/framework/src/Illuminate/Console/Command.php(180): Symfony/Component/Console/Command/Command->run(Object(Symfony/Component/Console/Input/ArgvInput), Object(Illuminate/Console/OutputStyle))
#41 C:/Users/Charl/LMS-TekQuora-NewDesign/Infixlms-old/vendor/symfony/console/Application.php(1117): Illuminate/Console/Command->run(Object(Symfony/Component/Console/Input/ArgvInput), Object(Symfony/Component/Console/Output/ConsoleOutput))
#42 C:/Users/Charl/LMS-TekQuora-NewDesign/Infixlms-old/vendor/symfony/console/Application.php(356): Symfony/Component/Console/Application->doRunCommand(Object(Illuminate/Database/Console/Migrations/FreshCommand), Object(Symfony/Component/Console/Input/ArgvInput), Object(Symfony/Component/Console/Output/ConsoleOutput))
#43 C:/Users/Charl/LMS-TekQuora-NewDesign/Infixlms-old/vendor/symfony/console/Application.php(195): Symfony/Component/Console/Application->doRun(Object(Symfony/Component/Console/Input/ArgvInput), Object(Symfony/Component/Console/Output/ConsoleOutput))
#44 C:/Users/Charl/LMS-TekQuora-NewDesign/Infixlms-old/vendor/laravel/framework/src/Illuminate/Foundation/Console/Kernel.php(198): Symfony/Component/Console/Application->run(Object(Symfony/Component/Console/Input/ArgvInput), Object(Symfony/Component/Console/Output/ConsoleOutput))
#45 C:/Users/Charl/LMS-TekQuora-NewDesign/Infixlms-old/artisan(35): Illuminate/Foundation/Console/Kernel->handle(Object(Symfony/Component/Console/Input/ArgvInput), Object(Symfony/Component/Console/Output/ConsoleOutput))
#46 {main}
"} 
[2026-03-26 23:47:41] local.ERROR: SQLSTATE[HY000] [2002] No connection could be made because the target machine actively refused it (Connection: mysql, Host: 127.0.0.1, Port: 3306, Database: lms_old, SQL: insert into `migrations` (`migration`, `batch`) values (2022_05_27_114318_UpdateMenuColor, 1)) {"exception":"[object] (Illuminate\\Database\\QueryException(code: 2002): SQLSTATE[HY000] [2002] No connection could be made because the target machine actively refused it (Connection: mysql, Host: 127.0.0.1, Port: 3306, Database: lms_old, SQL: insert into `migrations` (`migration`, `batch`) values (2022_05_27_114318_UpdateMenuColor, 1)) at C:/Users/Charl/LMS-TekQuora-NewDesign/Infixlms-old/vendor/laravel/framework/src/Illuminate/Database/Connection.php:838)
[stacktrace]
#0 C:/Users/Charl/LMS-TekQuora-NewDesign/Infixlms-old/vendor/laravel/framework/src/Illuminate/Database/Connection.php(999): Illuminate/Database/Connection->runQueryCallback('insert into `mi...', Array, Object(Closure))
#1 C:/Users/Charl/LMS-TekQuora-NewDesign/Infixlms-old/vendor/laravel/framework/src/Illuminate/Database/Connection.php(978): Illuminate/Database/Connection->tryAgainIfCausedByLostConnection(Object(Illuminate/Database/QueryException), 'insert into `mi...', Array, Object(Closure))
#2 C:/Users/Charl/LMS-TekQuora-NewDesign/Infixlms-old/vendor/laravel/framework/src/Illuminate/Database/Connection.php(796): Illuminate/Database/Connection->handleQueryException(Object(Illuminate/Database/QueryException), 'insert into `mi...', Array, Object(Closure))
#3 C:/Users/Charl/LMS-TekQuora-NewDesign/Infixlms-old/vendor/laravel/framework/src/Illuminate/Database/MySqlConnection.php(42): Illuminate/Database/Connection->run('insert into `mi...', Array, Object(Closure))
#4 C:/Users/Charl/LMS-TekQuora-NewDesign/Infixlms-old/vendor/laravel/framework/src/Illuminate/Database/Query/Builder.php(4121): Illuminate/Database/MySqlConnection->insert('insert into `mi...', Array)
#5 C:/Users/Charl/LMS-TekQuora-NewDesign/Infixlms-old/vendor/laravel/framework/src/Illuminate/Database/Migrations/DatabaseMigrationRepository.php(123): Illuminate/Database/Query/Builder->insert(Array)
#6 C:/Users/Charl/LMS-TekQuora-NewDesign/Infixlms-old/vendor/laravel/framework/src/Illuminate/Database/Migrations/Migrator.php(258): Illuminate/Database/Migrations/DatabaseMigrationRepository->log('2022_05_27_1143...', 1)
#7 C:/Users/Charl/LMS-TekQuora-NewDesign/Infixlms-old/vendor/laravel/framework/src/Illuminate/Database/Migrations/Migrator.php(211): Illuminate/Database/Migrations/Migrator->runUp('C://Users//Charl//...', 1, false)
#8 C:/Users/Charl/LMS-TekQuora-NewDesign/Infixlms-old/vendor/laravel/framework/src/Illuminate/Database/Migrations/Migrator.php(138): Illuminate/Database/Migrations/Migrator->runPending(Array, Array)
#9 C:/Users/Charl/LMS-TekQuora-NewDesign/Infixlms-old/vendor/laravel/framework/src/Illuminate/Database/Console/Migrations/MigrateCommand.php(116): Illuminate/Database/Migrations/Migrator->run(Array, Array)
#10 C:/Users/Charl/LMS-TekQuora-NewDesign/Infixlms-old/vendor/laravel/framework/src/Illuminate/Database/Migrations/Migrator.php(671): Illuminate/Database/Console/Migrations/MigrateCommand->Illuminate/Database/Console/Migrations/{closure}()
#11 C:/Users/Charl/LMS-TekQuora-NewDesign/Infixlms-old/vendor/laravel/framework/src/Illuminate/Database/Console/Migrations/MigrateCommand.php(109): Illuminate/Database/Migrations/Migrator->usingConnection(NULL, Object(Closure))
#12 C:/Users/Charl/LMS-TekQuora-NewDesign/Infixlms-old/vendor/laravel/framework/src/Illuminate/Database/Console/Migrations/MigrateCommand.php(88): Illuminate/Database/Console/Migrations/MigrateCommand->runMigrations()
#13 C:/Users/Charl/LMS-TekQuora-NewDesign/Infixlms-old/vendor/laravel/framework/src/Illuminate/Container/BoundMethod.php(36): Illuminate/Database/Console/Migrations/MigrateCommand->handle()
#14 C:/Users/Charl/LMS-TekQuora-NewDesign/Infixlms-old/vendor/laravel/framework/src/Illuminate/Container/Util.php(43): Illuminate/Container/BoundMethod::Illuminate/Container/{closure}()
#15 C:/Users/Charl/LMS-TekQuora-NewDesign/Infixlms-old/vendor/laravel/framework/src/Illuminate/Container/BoundMethod.php(96): Illuminate/Container/Util::unwrapIfClosure(Object(Closure))
#16 C:/Users/Charl/LMS-TekQuora-NewDesign/Infixlms-old/vendor/laravel/framework/src/Illuminate/Container/BoundMethod.php(35): Illuminate/Container/BoundMethod::callBoundMethod(Object(Illuminate/Foundation/Application), Array, Object(Closure))
#17 C:/Users/Charl/LMS-TekQuora-NewDesign/Infixlms-old/vendor/laravel/framework/src/Illuminate/Container/Container.php(799): Illuminate/Container/BoundMethod::call(Object(Illuminate/Foundation/Application), Array, Array, NULL)
#18 C:/Users/Charl/LMS-TekQuora-NewDesign/Infixlms-old/vendor/laravel/framework/src/Illuminate/Console/Command.php(211): Illuminate/Container/Container->call(Array)
#19 C:/Users/Charl/LMS-TekQuora-NewDesign/Infixlms-old/vendor/symfony/console/Command/Command.php(341): Illuminate/Console/Command->execute(Object(Symfony/Component/Console/Input/ArrayInput), Object(Illuminate/Console/OutputStyle))
#20 C:/Users/Charl/LMS-TekQuora-NewDesign/Infixlms-old/vendor/laravel/framework/src/Illuminate/Console/Command.php(180): Symfony/Component/Console/Command/Command->run(Object(Symfony/Component/Console/Input/ArrayInput), Object(Illuminate/Console/OutputStyle))
#21 C:/Users/Charl/LMS-TekQuora-NewDesign/Infixlms-old/vendor/laravel/framework/src/Illuminate/Console/Concerns/CallsCommands.php(68): Illuminate/Console/Command->run(Object(Symfony/Component/Console/Input/ArrayInput), Object(Illuminate/Console/OutputStyle))
#22 C:/Users/Charl/LMS-TekQuora-NewDesign/Infixlms-old/vendor/laravel/framework/src/Illuminate/Console/Concerns/CallsCommands.php(29): Illuminate/Console/Command->runCommand('migrate', Array, Object(Illuminate/Console/OutputStyle))
#23 C:/Users/Charl/LMS-TekQuora-NewDesign/Infixlms-old/vendor/laravel/framework/src/Illuminate/Database/Console/Migrations/FreshCommand.php(88): Illuminate/Console/Command->call('migrate', Array)
#24 C:/Users/Charl/LMS-TekQuora-NewDesign/Infixlms-old/vendor/laravel/framework/src/Illuminate/Container/BoundMethod.php(36): Illuminate/Database/Console/Migrations/FreshCommand->handle()
#25 C:/Users/Charl/LMS-TekQuora-NewDesign/Infixlms-old/vendor/laravel/framework/src/Illuminate/Container/Util.php(43): Illuminate/Container/BoundMethod::Illuminate/Container/{closure}()
#26 C:/Users/Charl/LMS-TekQuora-NewDesign/Infixlms-old/vendor/laravel/framework/src/Illuminate/Container/BoundMethod.php(96): Illuminate/Container/Util::unwrapIfClosure(Object(Closure))
#27 C:/Users/Charl/LMS-TekQuora-NewDesign/Infixlms-old/vendor/laravel/framework/src/Illuminate/Container/BoundMethod.php(35): Illuminate/Container/BoundMethod::callBoundMethod(Object(Illuminate/Foundation/Application), Array, Object(Closure))
#28 C:/Users/Charl/LMS-TekQuora-NewDesign/Infixlms-old/vendor/laravel/framework/src/Illuminate/Container/Container.php(799): Illuminate/Container/BoundMethod::call(Object(Illuminate/Foundation/Application), Array, Array, NULL)
#29 C:/Users/Charl/LMS-TekQuora-NewDesign/Infixlms-old/vendor/laravel/framework/src/Illuminate/Console/Command.php(211): Illuminate/Container/Container->call(Array)
#30 C:/Users/Charl/LMS-TekQuora-NewDesign/Infixlms-old/vendor/symfony/console/Command/Command.php(341): Illuminate/Console/Command->execute(Object(Symfony/Component/Console/Input/ArgvInput), Object(Illuminate/Console/OutputStyle))
#31 C:/Users/Charl/LMS-TekQuora-NewDesign/Infixlms-old/vendor/laravel/framework/src/Illuminate/Console/Command.php(180): Symfony/Component/Console/Command/Command->run(Object(Symfony/Component/Console/Input/ArgvInput), Object(Illuminate/Console/OutputStyle))
#32 C:/Users/Charl/LMS-TekQuora-NewDesign/Infixlms-old/vendor/symfony/console/Application.php(1117): Illuminate/Console/Command->run(Object(Symfony/Component/Console/Input/ArgvInput), Object(Symfony/Component/Console/Output/ConsoleOutput))
#33 C:/Users/Charl/LMS-TekQuora-NewDesign/Infixlms-old/vendor/symfony/console/Application.php(356): Symfony/Component/Console/Application->doRunCommand(Object(Illuminate/Database/Console/Migrations/FreshCommand), Object(Symfony/Component/Console/Input/ArgvInput), Object(Symfony/Component/Console/Output/ConsoleOutput))
#34 C:/Users/Charl/LMS-TekQuora-NewDesign/Infixlms-old/vendor/symfony/console/Application.php(195): Symfony/Component/Console/Application->doRun(Object(Symfony/Component/Console/Input/ArgvInput), Object(Symfony/Component/Console/Output/ConsoleOutput))
#35 C:/Users/Charl/LMS-TekQuora-NewDesign/Infixlms-old/vendor/laravel/framework/src/Illuminate/Foundation/Console/Kernel.php(198): Symfony/Component/Console/Application->run(Object(Symfony/Component/Console/Input/ArgvInput), Object(Symfony/Component/Console/Output/ConsoleOutput))
#36 C:/Users/Charl/LMS-TekQuora-NewDesign/Infixlms-old/artisan(35): Illuminate/Foundation/Console/Kernel->handle(Object(Symfony/Component/Console/Input/ArgvInput), Object(Symfony/Component/Console/Output/ConsoleOutput))
#37 {main}

[previous exception] [object] (PDOException(code: 2002): SQLSTATE[HY000] [2002] No connection could be made because the target machine actively refused it at C:/Users/Charl/LMS-TekQuora-NewDesign/Infixlms-old/vendor/laravel/framework/src/Illuminate/Database/Connectors/Connector.php:66)
[stacktrace]
#0 C:/Users/Charl/LMS-TekQuora-NewDesign/Infixlms-old/vendor/laravel/framework/src/Illuminate/Database/Connectors/Connector.php(66): PDO->__construct('mysql:host=127....', 'root', Object(SensitiveParameterValue), Array)
#1 C:/Users/Charl/LMS-TekQuora-NewDesign/Infixlms-old/vendor/laravel/framework/src/Illuminate/Database/Connectors/Connector.php(85): Illuminate/Database/Connectors/Connector->createPdoConnection('mysql:host=127....', 'root', Object(SensitiveParameterValue), Array)
#2 C:/Users/Charl/LMS-TekQuora-NewDesign/Infixlms-old/vendor/laravel/framework/src/Illuminate/Database/Connectors/Connector.php(48): Illuminate/Database/Connectors/Connector->tryAgainIfCausedByLostConnection(Object(PDOException), 'mysql:host=127....', 'root', Object(SensitiveParameterValue), Array)
#3 C:/Users/Charl/LMS-TekQuora-NewDesign/Infixlms-old/vendor/laravel/framework/src/Illuminate/Database/Connectors/MySqlConnector.php(24): Illuminate/Database/Connectors/Connector->createConnection('mysql:host=127....', Array, Array)
#4 C:/Users/Charl/LMS-TekQuora-NewDesign/Infixlms-old/vendor/laravel/framework/src/Illuminate/Database/Connectors/ConnectionFactory.php(186): Illuminate/Database/Connectors/MySqlConnector->connect(Array)
#5 [internal function]: Illuminate/Database/Connectors/ConnectionFactory->Illuminate/Database/Connectors/{closure}()
#6 C:/Users/Charl/LMS-TekQuora-NewDesign/Infixlms-old/vendor/laravel/framework/src/Illuminate/Database/Connection.php(1257): call_user_func(Object(Closure))
#7 C:/Users/Charl/LMS-TekQuora-NewDesign/Infixlms-old/vendor/laravel/framework/src/Illuminate/Database/MySqlConnection.php(47): Illuminate/Database/Connection->getPdo()
#8 C:/Users/Charl/LMS-TekQuora-NewDesign/Infixlms-old/vendor/laravel/framework/src/Illuminate/Database/Connection.php(827): Illuminate/Database/MySqlConnection->Illuminate/Database/{closure}('insert into `mi...', Array)
#9 C:/Users/Charl/LMS-TekQuora-NewDesign/Infixlms-old/vendor/laravel/framework/src/Illuminate/Database/Connection.php(999): Illuminate/Database/Connection->runQueryCallback('insert into `mi...', Array, Object(Closure))
#10 C:/Users/Charl/LMS-TekQuora-NewDesign/Infixlms-old/vendor/laravel/framework/src/Illuminate/Database/Connection.php(978): Illuminate/Database/Connection->tryAgainIfCausedByLostConnection(Object(Illuminate/Database/QueryException), 'insert into `mi...', Array, Object(Closure))
#11 C:/Users/Charl/LMS-TekQuora-NewDesign/Infixlms-old/vendor/laravel/framework/src/Illuminate/Database/Connection.php(796): Illuminate/Database/Connection->handleQueryException(Object(Illuminate/Database/QueryException), 'insert into `mi...', Array, Object(Closure))
#12 C:/Users/Charl/LMS-TekQuora-NewDesign/Infixlms-old/vendor/laravel/framework/src/Illuminate/Database/MySqlConnection.php(42): Illuminate/Database/Connection->run('insert into `mi...', Array, Object(Closure))
#13 C:/Users/Charl/LMS-TekQuora-NewDesign/Infixlms-old/vendor/laravel/framework/src/Illuminate/Database/Query/Builder.php(4121): Illuminate/Database/MySqlConnection->insert('insert into `mi...', Array)
#14 C:/Users/Charl/LMS-TekQuora-NewDesign/Infixlms-old/vendor/laravel/framework/src/Illuminate/Database/Migrations/DatabaseMigrationRepository.php(123): Illuminate/Database/Query/Builder->insert(Array)
#15 C:/Users/Charl/LMS-TekQuora-NewDesign/Infixlms-old/vendor/laravel/framework/src/Illuminate/Database/Migrations/Migrator.php(258): Illuminate/Database/Migrations/DatabaseMigrationRepository->log('2022_05_27_1143...', 1)
#16 C:/Users/Charl/LMS-TekQuora-NewDesign/Infixlms-old/vendor/laravel/framework/src/Illuminate/Database/Migrations/Migrator.php(211): Illuminate/Database/Migrations/Migrator->runUp('C://Users//Charl//...', 1, false)
#17 C:/Users/Charl/LMS-TekQuora-NewDesign/Infixlms-old/vendor/laravel/framework/src/Illuminate/Database/Migrations/Migrator.php(138): Illuminate/Database/Migrations/Migrator->runPending(Array, Array)
#18 C:/Users/Charl/LMS-TekQuora-NewDesign/Infixlms-old/vendor/laravel/framework/src/Illuminate/Database/Console/Migrations/MigrateCommand.php(116): Illuminate/Database/Migrations/Migrator->run(Array, Array)
#19 C:/Users/Charl/LMS-TekQuora-NewDesign/Infixlms-old/vendor/laravel/framework/src/Illuminate/Database/Migrations/Migrator.php(671): Illuminate/Database/Console/Migrations/MigrateCommand->Illuminate/Database/Console/Migrations/{closure}()
#20 C:/Users/Charl/LMS-TekQuora-NewDesign/Infixlms-old/vendor/laravel/framework/src/Illuminate/Database/Console/Migrations/MigrateCommand.php(109): Illuminate/Database/Migrations/Migrator->usingConnection(NULL, Object(Closure))
#21 C:/Users/Charl/LMS-TekQuora-NewDesign/Infixlms-old/vendor/laravel/framework/src/Illuminate/Database/Console/Migrations/MigrateCommand.php(88): Illuminate/Database/Console/Migrations/MigrateCommand->runMigrations()
#22 C:/Users/Charl/LMS-TekQuora-NewDesign/Infixlms-old/vendor/laravel/framework/src/Illuminate/Container/BoundMethod.php(36): Illuminate/Database/Console/Migrations/MigrateCommand->handle()
#23 C:/Users/Charl/LMS-TekQuora-NewDesign/Infixlms-old/vendor/laravel/framework/src/Illuminate/Container/Util.php(43): Illuminate/Container/BoundMethod::Illuminate/Container/{closure}()
#24 C:/Users/Charl/LMS-TekQuora-NewDesign/Infixlms-old/vendor/laravel/framework/src/Illuminate/Container/BoundMethod.php(96): Illuminate/Container/Util::unwrapIfClosure(Object(Closure))
#25 C:/Users/Charl/LMS-TekQuora-NewDesign/Infixlms-old/vendor/laravel/framework/src/Illuminate/Container/BoundMethod.php(35): Illuminate/Container/BoundMethod::callBoundMethod(Object(Illuminate/Foundation/Application), Array, Object(Closure))
#26 C:/Users/Charl/LMS-TekQuora-NewDesign/Infixlms-old/vendor/laravel/framework/src/Illuminate/Container/Container.php(799): Illuminate/Container/BoundMethod::call(Object(Illuminate/Foundation/Application), Array, Array, NULL)
#27 C:/Users/Charl/LMS-TekQuora-NewDesign/Infixlms-old/vendor/laravel/framework/src/Illuminate/Console/Command.php(211): Illuminate/Container/Container->call(Array)
#28 C:/Users/Charl/LMS-TekQuora-NewDesign/Infixlms-old/vendor/symfony/console/Command/Command.php(341): Illuminate/Console/Command->execute(Object(Symfony/Component/Console/Input/ArrayInput), Object(Illuminate/Console/OutputStyle))
#29 C:/Users/Charl/LMS-TekQuora-NewDesign/Infixlms-old/vendor/laravel/framework/src/Illuminate/Console/Command.php(180): Symfony/Component/Console/Command/Command->run(Object(Symfony/Component/Console/Input/ArrayInput), Object(Illuminate/Console/OutputStyle))
#30 C:/Users/Charl/LMS-TekQuora-NewDesign/Infixlms-old/vendor/laravel/framework/src/Illuminate/Console/Concerns/CallsCommands.php(68): Illuminate/Console/Command->run(Object(Symfony/Component/Console/Input/ArrayInput), Object(Illuminate/Console/OutputStyle))
#31 C:/Users/Charl/LMS-TekQuora-NewDesign/Infixlms-old/vendor/laravel/framework/src/Illuminate/Console/Concerns/CallsCommands.php(29): Illuminate/Console/Command->runCommand('migrate', Array, Object(Illuminate/Console/OutputStyle))
#32 C:/Users/Charl/LMS-TekQuora-NewDesign/Infixlms-old/vendor/laravel/framework/src/Illuminate/Database/Console/Migrations/FreshCommand.php(88): Illuminate/Console/Command->call('migrate', Array)
#33 C:/Users/Charl/LMS-TekQuora-NewDesign/Infixlms-old/vendor/laravel/framework/src/Illuminate/Container/BoundMethod.php(36): Illuminate/Database/Console/Migrations/FreshCommand->handle()
#34 C:/Users/Charl/LMS-TekQuora-NewDesign/Infixlms-old/vendor/laravel/framework/src/Illuminate/Container/Util.php(43): Illuminate/Container/BoundMethod::Illuminate/Container/{closure}()
#35 C:/Users/Charl/LMS-TekQuora-NewDesign/Infixlms-old/vendor/laravel/framework/src/Illuminate/Container/BoundMethod.php(96): Illuminate/Container/Util::unwrapIfClosure(Object(Closure))
#36 C:/Users/Charl/LMS-TekQuora-NewDesign/Infixlms-old/vendor/laravel/framework/src/Illuminate/Container/BoundMethod.php(35): Illuminate/Container/BoundMethod::callBoundMethod(Object(Illuminate/Foundation/Application), Array, Object(Closure))
#37 C:/Users/Charl/LMS-TekQuora-NewDesign/Infixlms-old/vendor/laravel/framework/src/Illuminate/Container/Container.php(799): Illuminate/Container/BoundMethod::call(Object(Illuminate/Foundation/Application), Array, Array, NULL)
#38 C:/Users/Charl/LMS-TekQuora-NewDesign/Infixlms-old/vendor/laravel/framework/src/Illuminate/Console/Command.php(211): Illuminate/Container/Container->call(Array)
#39 C:/Users/Charl/LMS-TekQuora-NewDesign/Infixlms-old/vendor/symfony/console/Command/Command.php(341): Illuminate/Console/Command->execute(Object(Symfony/Component/Console/Input/ArgvInput), Object(Illuminate/Console/OutputStyle))
#40 C:/Users/Charl/LMS-TekQuora-NewDesign/Infixlms-old/vendor/laravel/framework/src/Illuminate/Console/Command.php(180): Symfony/Component/Console/Command/Command->run(Object(Symfony/Component/Console/Input/ArgvInput), Object(Illuminate/Console/OutputStyle))
#41 C:/Users/Charl/LMS-TekQuora-NewDesign/Infixlms-old/vendor/symfony/console/Application.php(1117): Illuminate/Console/Command->run(Object(Symfony/Component/Console/Input/ArgvInput), Object(Symfony/Component/Console/Output/ConsoleOutput))
#42 C:/Users/Charl/LMS-TekQuora-NewDesign/Infixlms-old/vendor/symfony/console/Application.php(356): Symfony/Component/Console/Application->doRunCommand(Object(Illuminate/Database/Console/Migrations/FreshCommand), Object(Symfony/Component/Console/Input/ArgvInput), Object(Symfony/Component/Console/Output/ConsoleOutput))
#43 C:/Users/Charl/LMS-TekQuora-NewDesign/Infixlms-old/vendor/symfony/console/Application.php(195): Symfony/Component/Console/Application->doRun(Object(Symfony/Component/Console/Input/ArgvInput), Object(Symfony/Component/Console/Output/ConsoleOutput))
#44 C:/Users/Charl/LMS-TekQuora-NewDesign/Infixlms-old/vendor/laravel/framework/src/Illuminate/Foundation/Console/Kernel.php(198): Symfony/Component/Console/Application->run(Object(Symfony/Component/Console/Input/ArgvInput), Object(Symfony/Component/Console/Output/ConsoleOutput))
#45 C:/Users/Charl/LMS-TekQuora-NewDesign/Infixlms-old/artisan(35): Illuminate/Foundation/Console/Kernel->handle(Object(Symfony/Component/Console/Input/ArgvInput), Object(Symfony/Component/Console/Output/ConsoleOutput))
#46 {main}
"} 
